2025-04-03 14:53:28 - INFO - 导入模块...
2025-04-03 14:53:29 - INFO - 模块导入成功...
2025-04-03 14:53:29 - INFO - 启动测试...
2025-04-03 14:53:29 - INFO - 初始化 TestLogin 类...
2025-04-03 14:53:29 - INFO - 正在初始化WebDriver配置...
2025-04-03 14:53:29 - INFO - 设置ChromeDriver...
2025-04-03 14:53:29 - INFO - ====== WebDriver manager ======
2025-04-03 14:53:30 - INFO - Get LATEST chromedriver version for google-chrome
2025-04-03 14:53:30 - INFO - Get LATEST chromedriver version for google-chrome
2025-04-03 14:53:30 - INFO - Driver [C:\Users\Kyle\.wdm\drivers\chromedriver\win64\134.0.6998.165\chromedriver-win32/chromedriver.exe] found in cache
2025-04-03 14:53:31 - INFO - 驱动程序已初始化.
2025-04-03 14:53:31 - INFO - 正在启动 test_login ...
2025-04-03 14:53:31 - INFO - 导航到 http://119.61.22.194:2017/
2025-04-03 14:53:32 - INFO - 账户密码: ET0502, liangh24quan
2025-04-03 14:53:33 - INFO - 点击登录...
2025-04-03 14:53:33 - INFO - 登录成功.
2025-04-03 14:53:35 - INFO - 正在进入打卡信息页面...
2025-04-03 14:53:35 - INFO - 导航到iframe.
2025-04-03 14:53:37 - INFO - 正在选择考勤时间...
2025-04-03 14:53:38 - INFO - 选择时间: 2025-03-01 - 2025-03-31
2025-04-03 14:53:38 - INFO - 获取考勤姓名...
2025-04-03 14:53:38 - INFO - 选择姓名: 梁皓
2025-04-03 14:53:38 - INFO - 点击查询...
2025-04-03 14:53:39 - INFO - 点击导出:梁皓日志...
2025-04-03 14:53:41 - INFO - 重命名梁皓日志...
2025-04-03 14:53:41 - INFO - 选择姓名: 王健壮
2025-04-03 14:53:42 - INFO - 点击查询...
2025-04-03 14:53:43 - INFO - 点击导出:王健壮日志...
2025-04-03 14:53:45 - INFO - 重命名王健壮日志...
2025-04-03 14:53:45 - INFO - 选择姓名: 徐康尊
2025-04-03 14:53:45 - INFO - 点击查询...
2025-04-03 14:53:46 - INFO - 点击导出:徐康尊日志...
2025-04-03 14:53:49 - INFO - 重命名徐康尊日志...
2025-04-03 14:53:49 - INFO - 选择姓名: 黄晓灿
2025-04-03 14:53:49 - INFO - 点击查询...
2025-04-03 14:53:50 - INFO - 点击导出:黄晓灿日志...
2025-04-03 14:53:52 - INFO - 重命名黄晓灿日志...
2025-04-03 14:53:52 - INFO - 选择姓名: 孙雯
2025-04-03 14:53:52 - INFO - 点击查询...
2025-04-03 14:53:54 - INFO - 点击导出:孙雯日志...
2025-04-03 14:53:56 - INFO - 重命名孙雯日志...
2025-04-03 14:53:56 - INFO - 选择姓名: 周靖
2025-04-03 14:53:56 - INFO - 点击查询...
2025-04-03 14:53:57 - INFO - 点击导出:周靖日志...
2025-04-03 14:53:59 - INFO - 重命名周靖日志...
2025-04-03 14:53:59 - INFO - 选择姓名: 李帆
2025-04-03 14:54:00 - INFO - 点击查询...
2025-04-03 14:54:01 - INFO - 点击导出:李帆日志...
2025-04-03 14:54:03 - INFO - 重命名李帆日志...
2025-04-03 14:54:03 - INFO - 选择姓名: 孙碧伯
2025-04-03 14:54:03 - INFO - 点击查询...
2025-04-03 14:54:04 - INFO - 点击导出:孙碧伯日志...
2025-04-03 14:54:06 - INFO - 重命名孙碧伯日志...
2025-04-03 14:54:06 - INFO - 选择姓名: 孙慧杰
2025-04-03 14:54:07 - INFO - 点击查询...
2025-04-03 14:54:08 - INFO - 点击导出:孙慧杰日志...
2025-04-03 14:54:10 - INFO - 重命名孙慧杰日志...
2025-04-03 14:54:10 - INFO - 选择姓名: 李胤杭
2025-04-03 14:54:10 - INFO - 点击查询...
2025-04-03 14:54:11 - INFO - 点击导出:李胤杭日志...
2025-04-03 14:54:14 - INFO - 重命名李胤杭日志...
2025-04-03 14:54:14 - INFO - 选择姓名: 刘海岭
2025-04-03 14:54:14 - INFO - 点击查询...
2025-04-03 14:54:15 - INFO - 点击导出:刘海岭日志...
2025-04-03 14:54:17 - INFO - 重命名刘海岭日志...
2025-04-03 14:54:17 - INFO - 选择姓名: 郝志平
2025-04-03 14:54:17 - INFO - 点击查询...
2025-04-03 14:54:19 - INFO - 点击导出:郝志平日志...
2025-04-03 14:54:21 - INFO - 重命名郝志平日志...
2025-04-03 14:54:21 - INFO - 正在合并考勤明细...
2025-04-03 14:54:21 - INFO - 测试完成，关闭驱动...
2025-05-06 15:49:57 - INFO - 导入模块...
2025-05-06 15:50:01 - INFO - 模块导入成功...
2025-05-06 15:50:01 - INFO - 启动测试...
2025-05-06 15:50:01 - INFO - 初始化 TestLogin 类...
2025-05-06 15:50:01 - INFO - 正在初始化WebDriver配置...
2025-05-06 15:50:01 - INFO - 设置ChromeDriver...
2025-05-06 15:50:01 - INFO - ====== WebDriver manager ======
2025-05-06 15:50:02 - INFO - Get LATEST chromedriver version for google-chrome
2025-05-06 15:50:02 - INFO - Get LATEST chromedriver version for google-chrome
2025-05-06 15:50:03 - INFO - There is no [win64] chromedriver "135.0.7049.114" for browser google-chrome "135.0.7049" in cache
2025-05-06 15:50:03 - INFO - Get LATEST chromedriver version for google-chrome
2025-05-06 15:50:03 - INFO - WebDriver version 135.0.7049.114 selected
2025-05-06 15:50:03 - INFO - Modern chrome version https://storage.googleapis.com/chrome-for-testing-public/135.0.7049.114/win32/chromedriver-win32.zip
2025-05-06 15:50:03 - INFO - About to download new driver from https://storage.googleapis.com/chrome-for-testing-public/135.0.7049.114/win32/chromedriver-win32.zip
2025-05-06 15:50:04 - INFO - Driver downloading response is 200
2025-05-06 15:50:12 - INFO - Get LATEST chromedriver version for google-chrome
2025-05-06 15:50:13 - INFO - Driver has been saved in cache [C:\Users\Kyle\.wdm\drivers\chromedriver\win64\135.0.7049.114]
2025-05-06 15:50:16 - INFO - 驱动程序已初始化.
2025-05-06 15:50:16 - INFO - 正在启动 test_login ...
2025-05-06 15:50:16 - INFO - 导航到 http://119.61.22.194:2017/
2025-05-06 15:50:16 - INFO - 账户密码: ET0502, liangh24quan
2025-05-06 15:50:18 - INFO - 点击登录...
2025-05-06 15:50:18 - INFO - 登录成功.
2025-05-06 15:50:20 - INFO - 正在进入打卡信息页面...
2025-05-06 15:50:20 - INFO - 导航到iframe.
2025-05-06 15:50:22 - INFO - 正在选择考勤时间...
2025-05-06 15:50:22 - INFO - 选择时间: 2025-04-01 - 2025-04-30
2025-05-06 15:50:22 - INFO - 获取考勤姓名...
2025-05-06 15:50:22 - INFO - 选择姓名: 梁皓
2025-05-06 15:50:22 - INFO - 点击查询...
2025-05-06 15:50:23 - INFO - 点击导出:梁皓日志...
2025-05-06 15:50:26 - INFO - 重命名梁皓日志...
2025-05-06 15:50:26 - ERROR - 测试失败: [WinError 3] 系统找不到指定的路径。: 'D:\\Elitel\\9_考勤统计\\202504月考勤\\考勤明细'
2025-05-06 15:50:26 - ERROR - Traceback (most recent call last):
  File "d:\Apps\Programs\CodeData\CwaTool\CwaTool\testcases\test_login.py", line 108, in test_login
    self.Attendance_time("2025-04-01", "2025-04-30", name_data)
  File "d:\Apps\Programs\CodeData\CwaTool\CwaTool\testcases\test_login.py", line 97, in Attendance_time
    rename_file_name(r"D:\Elitel\9_考勤统计\202504月考勤\考勤明细", name, "04月")
  File "d:\Apps\Programs\CodeData\CwaTool\CwaTool\common\tools.py", line 40, in rename_file_name
    for filename in os.listdir(directory):
                    ^^^^^^^^^^^^^^^^^^^^^
FileNotFoundError: [WinError 3] 系统找不到指定的路径。: 'D:\\Elitel\\9_考勤统计\\202504月考勤\\考勤明细'

2025-05-06 15:50:26 - INFO - 测试完成，关闭驱动...
2025-05-06 15:51:59 - INFO - 导入模块...
2025-05-06 15:52:00 - INFO - 模块导入成功...
2025-05-06 15:52:00 - INFO - 启动测试...
2025-05-06 15:52:00 - INFO - 初始化 TestLogin 类...
2025-05-06 15:52:00 - INFO - 正在初始化WebDriver配置...
2025-05-06 15:52:00 - INFO - 设置ChromeDriver...
2025-05-06 15:52:00 - INFO - ====== WebDriver manager ======
2025-05-06 15:52:01 - INFO - Get LATEST chromedriver version for google-chrome
2025-05-06 15:52:02 - INFO - Get LATEST chromedriver version for google-chrome
2025-05-06 15:52:02 - INFO - Driver [C:\Users\Kyle\.wdm\drivers\chromedriver\win64\135.0.7049.114\chromedriver-win32/chromedriver.exe] found in cache
2025-05-06 15:52:03 - INFO - 驱动程序已初始化.
2025-05-06 15:52:03 - INFO - 正在启动 test_login ...
2025-05-06 15:52:03 - INFO - 导航到 http://119.61.22.194:2017/
2025-05-06 15:52:03 - INFO - 账户密码: ET0502, liangh24quan
2025-05-06 15:52:04 - INFO - 点击登录...
2025-05-06 15:52:04 - INFO - 登录成功.
2025-05-06 15:52:06 - INFO - 正在进入打卡信息页面...
2025-05-06 15:52:07 - INFO - 导航到iframe.
2025-05-06 15:52:09 - INFO - 正在选择考勤时间...
2025-05-06 15:52:09 - INFO - 选择时间: 2025-04-01 - 2025-04-30
2025-05-06 15:52:09 - INFO - 获取考勤姓名...
2025-05-06 15:52:09 - INFO - 选择姓名: 梁皓
2025-05-06 15:52:09 - INFO - 点击查询...
2025-05-06 15:52:10 - INFO - 点击导出:梁皓日志...
2025-05-06 15:52:12 - INFO - 重命名梁皓日志...
2025-05-06 15:52:12 - ERROR - 测试失败: [WinError 3] 系统找不到指定的路径。: 'D:\\Elitel\\9_考勤统计\\202504月考勤\\考勤明细'
2025-05-06 15:52:12 - ERROR - Traceback (most recent call last):
  File "d:\Apps\Programs\CodeData\CwaTool\CwaTool\testcases\test_login.py", line 108, in test_login
    self.Attendance_time("2025-04-01", "2025-04-30", name_data)
  File "d:\Apps\Programs\CodeData\CwaTool\CwaTool\testcases\test_login.py", line 97, in Attendance_time
    rename_file_name(r"D:\Elitel\9_考勤统计\202504月考勤\考勤明细", name, "04月")
  File "d:\Apps\Programs\CodeData\CwaTool\CwaTool\common\tools.py", line 40, in rename_file_name
    for filename in os.listdir(directory):
                    ^^^^^^^^^^^^^^^^^^^^^
FileNotFoundError: [WinError 3] 系统找不到指定的路径。: 'D:\\Elitel\\9_考勤统计\\202504月考勤\\考勤明细'

2025-05-06 15:52:12 - INFO - 测试完成，关闭驱动...
2025-05-06 15:55:02 - INFO - 导入模块...
2025-05-06 15:55:03 - INFO - 模块导入成功...
2025-05-06 15:55:03 - INFO - 启动测试...
2025-05-06 15:55:03 - INFO - 初始化 TestLogin 类...
2025-05-06 15:55:03 - INFO - 正在初始化WebDriver配置...
2025-05-06 15:55:03 - INFO - 设置ChromeDriver...
2025-05-06 15:55:03 - INFO - ====== WebDriver manager ======
2025-05-06 15:55:04 - INFO - Get LATEST chromedriver version for google-chrome
2025-05-06 15:55:05 - INFO - Get LATEST chromedriver version for google-chrome
2025-05-06 15:55:05 - INFO - Driver [C:\Users\Kyle\.wdm\drivers\chromedriver\win64\135.0.7049.114\chromedriver-win32/chromedriver.exe] found in cache
2025-05-06 15:55:06 - INFO - 驱动程序已初始化.
2025-05-06 15:55:06 - INFO - 正在启动 test_login ...
2025-05-06 15:55:06 - INFO - 导航到 http://119.61.22.194:2017/
2025-05-06 15:55:07 - INFO - 账户密码: ET0502, liangh24quan
2025-05-06 15:55:07 - INFO - 点击登录...
2025-05-06 15:55:07 - INFO - 登录成功.
2025-05-06 15:55:09 - INFO - 正在进入打卡信息页面...
2025-05-06 15:55:10 - INFO - 导航到iframe.
2025-05-06 15:55:12 - INFO - 正在选择考勤时间...
2025-05-06 15:55:12 - INFO - 选择时间: 2025-04-01 - 2025-04-30
2025-05-06 15:55:12 - INFO - 获取考勤姓名...
2025-05-06 15:55:12 - INFO - 选择姓名: 梁皓
2025-05-06 15:55:13 - INFO - 点击查询...
2025-05-06 15:55:14 - INFO - 点击导出:梁皓日志...
2025-05-06 15:55:16 - INFO - 重命名梁皓日志...
2025-05-06 15:55:16 - INFO - 选择姓名: 王健壮
2025-05-06 15:55:17 - INFO - 点击查询...
2025-05-06 15:55:18 - INFO - 点击导出:王健壮日志...
2025-05-06 15:55:20 - INFO - 重命名王健壮日志...
2025-05-06 15:55:20 - INFO - 选择姓名: 徐康尊
2025-05-06 15:55:20 - INFO - 点击查询...
2025-05-06 15:55:21 - INFO - 点击导出:徐康尊日志...
2025-05-06 15:55:24 - INFO - 重命名徐康尊日志...
2025-05-06 15:55:24 - INFO - 选择姓名: 黄晓灿
2025-05-06 15:55:24 - INFO - 点击查询...
2025-05-06 15:55:25 - INFO - 点击导出:黄晓灿日志...
2025-05-06 15:55:27 - INFO - 重命名黄晓灿日志...
2025-05-06 15:55:27 - INFO - 选择姓名: 孙雯
2025-05-06 15:55:27 - INFO - 点击查询...
2025-05-06 15:55:29 - INFO - 点击导出:孙雯日志...
2025-05-06 15:55:31 - INFO - 重命名孙雯日志...
2025-05-06 15:55:31 - INFO - 选择姓名: 李帆
2025-05-06 15:55:31 - INFO - 点击查询...
2025-05-06 15:55:32 - INFO - 点击导出:李帆日志...
2025-05-06 15:55:34 - INFO - 重命名李帆日志...
2025-05-06 15:55:34 - INFO - 选择姓名: 孙碧伯
2025-05-06 15:55:35 - INFO - 点击查询...
2025-05-06 15:55:36 - INFO - 点击导出:孙碧伯日志...
2025-05-06 15:55:38 - INFO - 重命名孙碧伯日志...
2025-05-06 15:55:38 - INFO - 选择姓名: 孙慧杰
2025-05-06 15:55:38 - INFO - 点击查询...
2025-05-06 15:55:39 - INFO - 点击导出:孙慧杰日志...
2025-05-06 15:55:42 - INFO - 重命名孙慧杰日志...
2025-05-06 15:55:42 - INFO - 选择姓名: 李胤杭
2025-05-06 15:55:42 - INFO - 点击查询...
2025-05-06 15:55:43 - INFO - 点击导出:李胤杭日志...
2025-05-06 15:55:45 - INFO - 重命名李胤杭日志...
2025-05-06 15:55:45 - INFO - 选择姓名: 郝志平
2025-05-06 15:55:46 - INFO - 点击查询...
2025-05-06 15:55:47 - INFO - 点击导出:郝志平日志...
2025-05-06 15:55:49 - INFO - 重命名郝志平日志...
2025-05-06 15:55:49 - INFO - 正在合并考勤明细...
2025-05-06 15:55:49 - INFO - 测试完成，关闭驱动...
2025-05-06 16:01:17 - INFO - 导入模块...
2025-05-06 16:01:18 - INFO - 模块导入成功...
2025-05-06 16:01:18 - INFO - 启动测试...
2025-05-06 16:01:18 - INFO - 初始化 TestLogin 类...
2025-05-06 16:01:18 - INFO - 正在初始化WebDriver配置...
2025-05-06 16:01:18 - INFO - 设置ChromeDriver...
2025-05-06 16:01:18 - INFO - ====== WebDriver manager ======
2025-05-06 16:01:19 - INFO - Get LATEST chromedriver version for google-chrome
2025-05-06 16:01:19 - INFO - Get LATEST chromedriver version for google-chrome
2025-05-06 16:01:19 - INFO - Driver [C:\Users\Kyle\.wdm\drivers\chromedriver\win64\135.0.7049.114\chromedriver-win32/chromedriver.exe] found in cache
2025-05-06 16:01:20 - INFO - 驱动程序已初始化.
2025-05-06 16:01:20 - INFO - 正在启动 test_login ...
2025-05-06 16:01:20 - INFO - 导航到 http://119.61.22.194:2017/
2025-05-06 16:01:21 - INFO - 账户密码: ET0502, liangh24quan
2025-05-06 16:01:22 - INFO - 点击登录...
2025-05-06 16:01:22 - INFO - 登录成功.
2025-05-06 16:01:24 - INFO - 正在进入打卡信息页面...
2025-05-06 16:01:24 - INFO - 导航到iframe.
2025-05-06 16:01:26 - INFO - 正在选择考勤时间...
2025-05-06 16:01:26 - INFO - 选择时间: 2025-04-01 - 2025-04-30
2025-05-06 16:01:26 - INFO - 获取考勤姓名...
2025-05-06 16:01:26 - INFO - 选择姓名: 梁皓
2025-05-06 16:01:26 - INFO - 点击查询...
2025-05-06 16:01:28 - INFO - 点击导出:梁皓日志...
2025-05-06 16:01:30 - INFO - 重命名梁皓日志...
2025-05-06 16:01:32 - INFO - 重命名梁皓日志完成.
2025-05-06 16:01:32 - INFO - 选择姓名: 王健壮
2025-05-06 16:01:32 - INFO - 点击查询...
2025-05-06 16:01:33 - INFO - 点击导出:王健壮日志...
2025-05-06 16:01:35 - INFO - 重命名王健壮日志...
2025-05-06 16:01:37 - INFO - 重命名王健壮日志完成.
2025-05-06 16:01:37 - INFO - 选择姓名: 徐康尊
2025-05-06 16:01:37 - INFO - 点击查询...
2025-05-06 16:01:38 - INFO - 点击导出:徐康尊日志...
2025-05-06 16:01:40 - INFO - 重命名徐康尊日志...
2025-05-06 16:01:42 - INFO - 重命名徐康尊日志完成.
2025-05-06 16:01:42 - INFO - 选择姓名: 黄晓灿
2025-05-06 16:01:43 - INFO - 点击查询...
2025-05-06 16:01:44 - INFO - 点击导出:黄晓灿日志...
2025-05-06 16:01:46 - INFO - 重命名黄晓灿日志...
2025-05-06 16:01:48 - INFO - 重命名黄晓灿日志完成.
2025-05-06 16:01:48 - INFO - 选择姓名: 孙雯
2025-05-06 16:01:48 - INFO - 点击查询...
2025-05-06 16:01:49 - INFO - 点击导出:孙雯日志...
2025-05-06 16:01:51 - INFO - 重命名孙雯日志...
2025-05-06 16:01:53 - INFO - 重命名孙雯日志完成.
2025-05-06 16:01:53 - INFO - 选择姓名: 李帆
2025-05-06 16:01:53 - INFO - 点击查询...
2025-05-06 16:01:54 - INFO - 点击导出:李帆日志...
2025-05-06 16:01:56 - INFO - 重命名李帆日志...
2025-05-06 16:01:58 - INFO - 重命名李帆日志完成.
2025-05-06 16:01:58 - INFO - 选择姓名: 孙碧伯
2025-05-06 16:01:59 - INFO - 点击查询...
2025-05-06 16:02:00 - INFO - 点击导出:孙碧伯日志...
2025-05-06 16:02:02 - INFO - 重命名孙碧伯日志...
2025-05-06 16:02:04 - INFO - 重命名孙碧伯日志完成.
2025-05-06 16:02:04 - INFO - 选择姓名: 孙慧杰
2025-05-06 16:02:04 - INFO - 点击查询...
2025-05-06 16:02:05 - INFO - 点击导出:孙慧杰日志...
2025-05-06 16:02:07 - INFO - 重命名孙慧杰日志...
2025-05-06 16:02:09 - INFO - 重命名孙慧杰日志完成.
2025-05-06 16:02:09 - INFO - 选择姓名: 李胤杭
2025-05-06 16:02:09 - INFO - 点击查询...
2025-05-06 16:02:11 - INFO - 点击导出:李胤杭日志...
2025-05-06 16:02:13 - INFO - 重命名李胤杭日志...
2025-05-06 16:02:15 - INFO - 重命名李胤杭日志完成.
2025-05-06 16:02:15 - INFO - 选择姓名: 郝志平
2025-05-06 16:02:15 - INFO - 点击查询...
2025-05-06 16:02:16 - INFO - 点击导出:郝志平日志...
2025-05-06 16:02:18 - INFO - 重命名郝志平日志...
2025-05-06 16:02:20 - INFO - 重命名郝志平日志完成.
2025-05-06 16:02:20 - INFO - 正在合并考勤明细...
2025-05-06 16:02:21 - INFO - 测试完成，关闭驱动...
2025-08-01 10:08:38 - INFO - 导入模块...
2025-08-01 10:08:41 - INFO - 模块导入成功...
2025-08-01 10:08:41 - INFO - 启动测试...
2025-08-01 10:08:41 - INFO - 初始化 TestLogin 类...
2025-08-01 10:08:41 - INFO - 正在初始化WebDriver配置...
2025-08-01 10:08:41 - INFO - 设置ChromeDriver...
2025-08-01 10:08:41 - INFO - ====== WebDriver manager ======
2025-08-01 10:08:42 - INFO - Get LATEST chromedriver version for google-chrome
2025-08-01 10:08:42 - INFO - Get LATEST chromedriver version for google-chrome
2025-08-01 10:08:42 - INFO - There is no [win64] chromedriver "138.0.7204.183" for browser google-chrome "138.0.7204" in cache
2025-08-01 10:08:42 - INFO - Get LATEST chromedriver version for google-chrome
2025-08-01 10:08:43 - INFO - WebDriver version 138.0.7204.183 selected
2025-08-01 10:08:43 - INFO - Modern chrome version https://storage.googleapis.com/chrome-for-testing-public/138.0.7204.183/win32/chromedriver-win32.zip
2025-08-01 10:08:43 - INFO - About to download new driver from https://storage.googleapis.com/chrome-for-testing-public/138.0.7204.183/win32/chromedriver-win32.zip
2025-08-01 10:08:43 - ERROR - 测试失败: Could not reach host. Are you offline?
2025-08-01 10:08:44 - ERROR - Traceback (most recent call last):
  File "D:\Apps\Programs\CodeData\CwaTool\CwaTool\mvenv\Lib\site-packages\urllib3\connectionpool.py", line 789, in urlopen
    response = self._make_request(
               ^^^^^^^^^^^^^^^^^^^
  File "D:\Apps\Programs\CodeData\CwaTool\CwaTool\mvenv\Lib\site-packages\urllib3\connectionpool.py", line 490, in _make_request
    raise new_e
  File "D:\Apps\Programs\CodeData\CwaTool\CwaTool\mvenv\Lib\site-packages\urllib3\connectionpool.py", line 466, in _make_request
    self._validate_conn(conn)
  File "D:\Apps\Programs\CodeData\CwaTool\CwaTool\mvenv\Lib\site-packages\urllib3\connectionpool.py", line 1095, in _validate_conn
    conn.connect()
  File "D:\Apps\Programs\CodeData\CwaTool\CwaTool\mvenv\Lib\site-packages\urllib3\connection.py", line 730, in connect
    sock_and_verified = _ssl_wrap_socket_and_match_hostname(
                        ^^^^^^^^^^^^^^^^^^^^^^^^^^^^^^^^^^^^
  File "D:\Apps\Programs\CodeData\CwaTool\CwaTool\mvenv\Lib\site-packages\urllib3\connection.py", line 909, in _ssl_wrap_socket_and_match_hostname
    ssl_sock = ssl_wrap_socket(
               ^^^^^^^^^^^^^^^^
  File "D:\Apps\Programs\CodeData\CwaTool\CwaTool\mvenv\Lib\site-packages\urllib3\util\ssl_.py", line 469, in ssl_wrap_socket
    ssl_sock = _ssl_wrap_socket_impl(sock, context, tls_in_tls, server_hostname)
               ^^^^^^^^^^^^^^^^^^^^^^^^^^^^^^^^^^^^^^^^^^^^^^^^^^^^^^^^^^^^^^^^^
  File "D:\Apps\Programs\CodeData\CwaTool\CwaTool\mvenv\Lib\site-packages\urllib3\util\ssl_.py", line 513, in _ssl_wrap_socket_impl
    return ssl_context.wrap_socket(sock, server_hostname=server_hostname)
           ^^^^^^^^^^^^^^^^^^^^^^^^^^^^^^^^^^^^^^^^^^^^^^^^^^^^^^^^^^^^^^
  File "D:\Apps\Programs\Python312\Lib\ssl.py", line 455, in wrap_socket
    return self.sslsocket_class._create(
           ^^^^^^^^^^^^^^^^^^^^^^^^^^^^^
  File "D:\Apps\Programs\Python312\Lib\ssl.py", line 1041, in _create
    self.do_handshake()
  File "D:\Apps\Programs\Python312\Lib\ssl.py", line 1319, in do_handshake
    self._sslobj.do_handshake()
ConnectionResetError: [WinError 10054] 远程主机强迫关闭了一个现有的连接。

During handling of the above exception, another exception occurred:

Traceback (most recent call last):
  File "D:\Apps\Programs\CodeData\CwaTool\CwaTool\mvenv\Lib\site-packages\requests\adapters.py", line 667, in send
    resp = conn.urlopen(
           ^^^^^^^^^^^^^
  File "D:\Apps\Programs\CodeData\CwaTool\CwaTool\mvenv\Lib\site-packages\urllib3\connectionpool.py", line 843, in urlopen
    retries = retries.increment(
              ^^^^^^^^^^^^^^^^^^
  File "D:\Apps\Programs\CodeData\CwaTool\CwaTool\mvenv\Lib\site-packages\urllib3\util\retry.py", line 474, in increment
    raise reraise(type(error), error, _stacktrace)
          ^^^^^^^^^^^^^^^^^^^^^^^^^^^^^^^^^^^^^^^^
  File "D:\Apps\Programs\CodeData\CwaTool\CwaTool\mvenv\Lib\site-packages\urllib3\util\util.py", line 38, in reraise
    raise value.with_traceback(tb)
  File "D:\Apps\Programs\CodeData\CwaTool\CwaTool\mvenv\Lib\site-packages\urllib3\connectionpool.py", line 789, in urlopen
    response = self._make_request(
               ^^^^^^^^^^^^^^^^^^^
  File "D:\Apps\Programs\CodeData\CwaTool\CwaTool\mvenv\Lib\site-packages\urllib3\connectionpool.py", line 490, in _make_request
    raise new_e
  File "D:\Apps\Programs\CodeData\CwaTool\CwaTool\mvenv\Lib\site-packages\urllib3\connectionpool.py", line 466, in _make_request
    self._validate_conn(conn)
  File "D:\Apps\Programs\CodeData\CwaTool\CwaTool\mvenv\Lib\site-packages\urllib3\connectionpool.py", line 1095, in _validate_conn
    conn.connect()
  File "D:\Apps\Programs\CodeData\CwaTool\CwaTool\mvenv\Lib\site-packages\urllib3\connection.py", line 730, in connect
    sock_and_verified = _ssl_wrap_socket_and_match_hostname(
                        ^^^^^^^^^^^^^^^^^^^^^^^^^^^^^^^^^^^^
  File "D:\Apps\Programs\CodeData\CwaTool\CwaTool\mvenv\Lib\site-packages\urllib3\connection.py", line 909, in _ssl_wrap_socket_and_match_hostname
    ssl_sock = ssl_wrap_socket(
               ^^^^^^^^^^^^^^^^
  File "D:\Apps\Programs\CodeData\CwaTool\CwaTool\mvenv\Lib\site-packages\urllib3\util\ssl_.py", line 469, in ssl_wrap_socket
    ssl_sock = _ssl_wrap_socket_impl(sock, context, tls_in_tls, server_hostname)
               ^^^^^^^^^^^^^^^^^^^^^^^^^^^^^^^^^^^^^^^^^^^^^^^^^^^^^^^^^^^^^^^^^
  File "D:\Apps\Programs\CodeData\CwaTool\CwaTool\mvenv\Lib\site-packages\urllib3\util\ssl_.py", line 513, in _ssl_wrap_socket_impl
    return ssl_context.wrap_socket(sock, server_hostname=server_hostname)
           ^^^^^^^^^^^^^^^^^^^^^^^^^^^^^^^^^^^^^^^^^^^^^^^^^^^^^^^^^^^^^^
  File "D:\Apps\Programs\Python312\Lib\ssl.py", line 455, in wrap_socket
    return self.sslsocket_class._create(
           ^^^^^^^^^^^^^^^^^^^^^^^^^^^^^
  File "D:\Apps\Programs\Python312\Lib\ssl.py", line 1041, in _create
    self.do_handshake()
  File "D:\Apps\Programs\Python312\Lib\ssl.py", line 1319, in do_handshake
    self._sslobj.do_handshake()
urllib3.exceptions.ProtocolError: ('Connection aborted.', ConnectionResetError(10054, '远程主机强迫关闭了一个现有的连接。', None, 10054, None))

During handling of the above exception, another exception occurred:

Traceback (most recent call last):
  File "D:\Apps\Programs\CodeData\CwaTool\CwaTool\mvenv\Lib\site-packages\webdriver_manager\core\http.py", line 32, in get
    resp = requests.get(
           ^^^^^^^^^^^^^
  File "D:\Apps\Programs\CodeData\CwaTool\CwaTool\mvenv\Lib\site-packages\requests\api.py", line 73, in get
    return request("get", url, params=params, **kwargs)
           ^^^^^^^^^^^^^^^^^^^^^^^^^^^^^^^^^^^^^^^^^^^^
  File "D:\Apps\Programs\CodeData\CwaTool\CwaTool\mvenv\Lib\site-packages\requests\api.py", line 59, in request
    return session.request(method=method, url=url, **kwargs)
           ^^^^^^^^^^^^^^^^^^^^^^^^^^^^^^^^^^^^^^^^^^^^^^^^^
  File "D:\Apps\Programs\CodeData\CwaTool\CwaTool\mvenv\Lib\site-packages\requests\sessions.py", line 589, in request
    resp = self.send(prep, **send_kwargs)
           ^^^^^^^^^^^^^^^^^^^^^^^^^^^^^^
  File "D:\Apps\Programs\CodeData\CwaTool\CwaTool\mvenv\Lib\site-packages\requests\sessions.py", line 703, in send
    r = adapter.send(request, **kwargs)
        ^^^^^^^^^^^^^^^^^^^^^^^^^^^^^^^
  File "D:\Apps\Programs\CodeData\CwaTool\CwaTool\mvenv\Lib\site-packages\requests\adapters.py", line 682, in send
    raise ConnectionError(err, request=request)
requests.exceptions.ConnectionError: ('Connection aborted.', ConnectionResetError(10054, '远程主机强迫关闭了一个现有的连接。', None, 10054, None))

During handling of the above exception, another exception occurred:

Traceback (most recent call last):
  File "d:\Apps\Programs\CodeData\CwaTool\CwaTool\testcases\test_login.py", line 127, in <module>
    test = TestLogin()
           ^^^^^^^^^^^
  File "d:\Apps\Programs\CodeData\CwaTool\CwaTool\testcases\test_login.py", line 57, in __init__
    self.driver = DriverConfig().driver_config()
                  ^^^^^^^^^^^^^^^^^^^^^^^^^^^^^^
  File "d:\Apps\Programs\CodeData\CwaTool\CwaTool\config\driver_config.py", line 68, in driver_config
    service=ChromeService(ChromeDriverManager().install()),
                          ^^^^^^^^^^^^^^^^^^^^^^^^^^^^^^^
  File "D:\Apps\Programs\CodeData\CwaTool\CwaTool\mvenv\Lib\site-packages\webdriver_manager\chrome.py", line 40, in install
    driver_path = self._get_driver_binary_path(self.driver)
                  ^^^^^^^^^^^^^^^^^^^^^^^^^^^^^^^^^^^^^^^^^
  File "D:\Apps\Programs\CodeData\CwaTool\CwaTool\mvenv\Lib\site-packages\webdriver_manager\core\manager.py", line 40, in _get_driver_binary_path
    file = self._download_manager.download_file(driver.get_driver_download_url(os_type))
           ^^^^^^^^^^^^^^^^^^^^^^^^^^^^^^^^^^^^^^^^^^^^^^^^^^^^^^^^^^^^^^^^^^^^^^^^^^^^^
  File "D:\Apps\Programs\CodeData\CwaTool\CwaTool\mvenv\Lib\site-packages\webdriver_manager\core\download_manager.py", line 29, in download_file
    response = self._http_client.get(url)
               ^^^^^^^^^^^^^^^^^^^^^^^^^^
  File "D:\Apps\Programs\CodeData\CwaTool\CwaTool\mvenv\Lib\site-packages\webdriver_manager\core\http.py", line 35, in get
    raise exceptions.ConnectionError(f"Could not reach host. Are you offline?")
requests.exceptions.ConnectionError: Could not reach host. Are you offline?

2025-08-01 10:10:00 - INFO - 导入模块...
2025-08-01 10:10:02 - INFO - 模块导入成功...
2025-08-01 10:10:02 - INFO - 启动测试...
2025-08-01 10:10:02 - INFO - 初始化 TestLogin 类...
2025-08-01 10:10:02 - INFO - 正在初始化WebDriver配置...
2025-08-01 10:10:02 - INFO - 设置ChromeDriver...
2025-08-01 10:10:02 - INFO - ====== WebDriver manager ======
2025-08-01 10:10:02 - INFO - Get LATEST chromedriver version for google-chrome
2025-08-01 10:10:04 - INFO - Get LATEST chromedriver version for google-chrome
2025-08-01 10:10:05 - INFO - There is no [win64] chromedriver "138.0.7204.183" for browser google-chrome "138.0.7204" in cache
2025-08-01 10:10:05 - INFO - Get LATEST chromedriver version for google-chrome
2025-08-01 10:10:06 - INFO - WebDriver version 138.0.7204.183 selected
2025-08-01 10:10:06 - INFO - Modern chrome version https://storage.googleapis.com/chrome-for-testing-public/138.0.7204.183/win32/chromedriver-win32.zip
2025-08-01 10:10:06 - INFO - About to download new driver from https://storage.googleapis.com/chrome-for-testing-public/138.0.7204.183/win32/chromedriver-win32.zip
2025-08-01 10:10:06 - INFO - Driver downloading response is 200
2025-08-01 10:10:09 - INFO - Get LATEST chromedriver version for google-chrome
2025-08-01 10:10:26 - INFO - Driver has been saved in cache [C:\Users\Kyle\.wdm\drivers\chromedriver\win64\138.0.7204.183]
2025-08-01 10:10:27 - INFO - 驱动程序已初始化.
2025-08-01 10:10:27 - INFO - 正在启动 test_login ...
2025-08-01 10:10:27 - INFO - 导航到 http://119.61.22.194:2017/
2025-08-01 10:10:28 - INFO - 账户密码: ET0502, liangh24quan
2025-08-01 10:10:29 - INFO - 点击登录...
2025-08-01 10:10:29 - INFO - 登录成功.
2025-08-01 10:10:31 - INFO - 正在进入打卡信息页面...
2025-08-01 10:10:31 - INFO - 导航到iframe.
2025-08-01 10:10:33 - INFO - 正在选择考勤时间...
2025-08-01 10:10:33 - INFO - 选择时间: 2025-06-01 - 2025-06-30
2025-08-01 10:10:33 - INFO - 获取考勤姓名...
2025-08-01 10:10:33 - INFO - 选择姓名: 梁皓
2025-08-01 10:10:34 - INFO - 点击查询...
2025-08-01 10:10:35 - INFO - 点击导出:梁皓日志...
2025-08-01 10:10:40 - INFO - 重命名梁皓日志...
2025-08-01 10:10:43 - INFO - 重命名梁皓日志完成.
2025-08-01 10:10:43 - INFO - 选择姓名: 王健壮
2025-08-01 10:10:43 - ERROR - 测试失败: Message: invalid session id: session deleted as the browser has closed the connection
from disconnected: not connected to DevTools
  (Session info: chrome=138.0.7204.169)
Stacktrace:
	GetHandleVerifier [0x0xeaba83+63395]
	GetHandleVerifier [0x0xeabac4+63460]
	(No symbol) [0x0xcf2113]
	(No symbol) [0x0xce1b20]
	(No symbol) [0x0xcff922]
	(No symbol) [0x0xd65c9c]
	(No symbol) [0x0xd80099]
	(No symbol) [0x0xd5f1a6]
	(No symbol) [0x0xd2e7b2]
	(No symbol) [0x0xd2f654]
	GetHandleVerifier [0x0x1128883+2672035]
	GetHandleVerifier [0x0x1123cba+2652634]
	GetHandleVerifier [0x0xed2bca+223466]
	GetHandleVerifier [0x0xec2cb8+158168]
	GetHandleVerifier [0x0xec978d+185517]
	GetHandleVerifier [0x0xeb3b78+96408]
	GetHandleVerifier [0x0xeb3d02+96802]
	GetHandleVerifier [0x0xe9e90a+9770]
	BaseThreadInitThunk [0x0x76d95d49+25]
	RtlInitializeExceptionChain [0x0x77e0bd6b+107]
	RtlGetAppContainerNamedObjectPath [0x0x77e0bcf1+561]

2025-08-01 10:10:43 - ERROR - Traceback (most recent call last):
  File "d:\Apps\Programs\CodeData\CwaTool\CwaTool\testcases\test_login.py", line 110, in test_login
    self.Attendance_time("2025-06-01", "2025-06-30", name_data)
  File "d:\Apps\Programs\CodeData\CwaTool\CwaTool\testcases\test_login.py", line 88, in Attendance_time
    IframPage().click_to_name(self.driver, "姓名")
  File "d:\Apps\Programs\CodeData\CwaTool\CwaTool\page\IframPage.py", line 26, in click_to_name
    return driver.find_element(By.XPATH, select_xpath).click()
           ^^^^^^^^^^^^^^^^^^^^^^^^^^^^^^^^^^^^^^^^^^^
  File "D:\Apps\Programs\CodeData\CwaTool\CwaTool\mvenv\Lib\site-packages\selenium\webdriver\remote\webdriver.py", line 770, in find_element
    return self.execute(Command.FIND_ELEMENT, {"using": by, "value": value})["value"]
           ^^^^^^^^^^^^^^^^^^^^^^^^^^^^^^^^^^^^^^^^^^^^^^^^^^^^^^^^^^^^^^^^^
  File "D:\Apps\Programs\CodeData\CwaTool\CwaTool\mvenv\Lib\site-packages\selenium\webdriver\remote\webdriver.py", line 384, in execute
    self.error_handler.check_response(response)
  File "D:\Apps\Programs\CodeData\CwaTool\CwaTool\mvenv\Lib\site-packages\selenium\webdriver\remote\errorhandler.py", line 232, in check_response
    raise exception_class(message, screen, stacktrace)
selenium.common.exceptions.InvalidSessionIdException: Message: invalid session id: session deleted as the browser has closed the connection
from disconnected: not connected to DevTools
  (Session info: chrome=138.0.7204.169)
Stacktrace:
	GetHandleVerifier [0x0xeaba83+63395]
	GetHandleVerifier [0x0xeabac4+63460]
	(No symbol) [0x0xcf2113]
	(No symbol) [0x0xce1b20]
	(No symbol) [0x0xcff922]
	(No symbol) [0x0xd65c9c]
	(No symbol) [0x0xd80099]
	(No symbol) [0x0xd5f1a6]
	(No symbol) [0x0xd2e7b2]
	(No symbol) [0x0xd2f654]
	GetHandleVerifier [0x0x1128883+2672035]
	GetHandleVerifier [0x0x1123cba+2652634]
	GetHandleVerifier [0x0xed2bca+223466]
	GetHandleVerifier [0x0xec2cb8+158168]
	GetHandleVerifier [0x0xec978d+185517]
	GetHandleVerifier [0x0xeb3b78+96408]
	GetHandleVerifier [0x0xeb3d02+96802]
	GetHandleVerifier [0x0xe9e90a+9770]
	BaseThreadInitThunk [0x0x76d95d49+25]
	RtlInitializeExceptionChain [0x0x77e0bd6b+107]
	RtlGetAppContainerNamedObjectPath [0x0x77e0bcf1+561]


2025-08-01 10:10:43 - INFO - 测试完成，关闭驱动...
2025-08-01 10:12:01 - INFO - 导入模块...
2025-08-01 10:12:02 - INFO - 模块导入成功...
2025-08-01 10:12:02 - INFO - 启动测试...
2025-08-01 10:12:02 - INFO - 初始化 TestLogin 类...
2025-08-01 10:12:02 - INFO - 正在初始化WebDriver配置...
2025-08-01 10:12:02 - INFO - 设置ChromeDriver...
2025-08-01 10:12:02 - INFO - ====== WebDriver manager ======
2025-08-01 10:12:03 - INFO - Get LATEST chromedriver version for google-chrome
2025-08-01 10:12:20 - INFO - Get LATEST chromedriver version for google-chrome
2025-08-01 10:12:37 - ERROR - 测试失败: Could not reach host. Are you offline?
2025-08-01 10:12:37 - ERROR - urllib3.exceptions.SSLError: [SSL: UNEXPECTED_EOF_WHILE_READING] EOF occurred in violation of protocol (_ssl.c:1000)

The above exception was the direct cause of the following exception:

Traceback (most recent call last):
  File "D:\Apps\Programs\CodeData\CwaTool\CwaTool\mvenv\Lib\site-packages\requests\adapters.py", line 667, in send
    resp = conn.urlopen(
           ^^^^^^^^^^^^^
  File "D:\Apps\Programs\CodeData\CwaTool\CwaTool\mvenv\Lib\site-packages\urllib3\connectionpool.py", line 843, in urlopen
    retries = retries.increment(
              ^^^^^^^^^^^^^^^^^^
  File "D:\Apps\Programs\CodeData\CwaTool\CwaTool\mvenv\Lib\site-packages\urllib3\util\retry.py", line 519, in increment
    raise MaxRetryError(_pool, url, reason) from reason  # type: ignore[arg-type]
    ^^^^^^^^^^^^^^^^^^^^^^^^^^^^^^^^^^^^^^^^^^^^^^^^^^^
urllib3.exceptions.MaxRetryError: HTTPSConnectionPool(host='googlechromelabs.github.io', port=443): Max retries exceeded with url: /chrome-for-testing/latest-patch-versions-per-build.json (Caused by SSLError(SSLEOFError(8, '[SSL: UNEXPECTED_EOF_WHILE_READING] EOF occurred in violation of protocol (_ssl.c:1000)')))

During handling of the above exception, another exception occurred:

Traceback (most recent call last):
  File "D:\Apps\Programs\CodeData\CwaTool\CwaTool\mvenv\Lib\site-packages\webdriver_manager\core\http.py", line 32, in get
    resp = requests.get(
           ^^^^^^^^^^^^^
  File "D:\Apps\Programs\CodeData\CwaTool\CwaTool\mvenv\Lib\site-packages\requests\api.py", line 73, in get
    return request("get", url, params=params, **kwargs)
           ^^^^^^^^^^^^^^^^^^^^^^^^^^^^^^^^^^^^^^^^^^^^
  File "D:\Apps\Programs\CodeData\CwaTool\CwaTool\mvenv\Lib\site-packages\requests\api.py", line 59, in request
    return session.request(method=method, url=url, **kwargs)
           ^^^^^^^^^^^^^^^^^^^^^^^^^^^^^^^^^^^^^^^^^^^^^^^^^
  File "D:\Apps\Programs\CodeData\CwaTool\CwaTool\mvenv\Lib\site-packages\requests\sessions.py", line 589, in request
    resp = self.send(prep, **send_kwargs)
           ^^^^^^^^^^^^^^^^^^^^^^^^^^^^^^
  File "D:\Apps\Programs\CodeData\CwaTool\CwaTool\mvenv\Lib\site-packages\requests\sessions.py", line 703, in send
    r = adapter.send(request, **kwargs)
        ^^^^^^^^^^^^^^^^^^^^^^^^^^^^^^^
  File "D:\Apps\Programs\CodeData\CwaTool\CwaTool\mvenv\Lib\site-packages\requests\adapters.py", line 698, in send
    raise SSLError(e, request=request)
requests.exceptions.SSLError: HTTPSConnectionPool(host='googlechromelabs.github.io', port=443): Max retries exceeded with url: /chrome-for-testing/latest-patch-versions-per-build.json (Caused by SSLError(SSLEOFError(8, '[SSL: UNEXPECTED_EOF_WHILE_READING] EOF occurred in violation of protocol (_ssl.c:1000)')))

During handling of the above exception, another exception occurred:

Traceback (most recent call last):
  File "d:\Apps\Programs\CodeData\CwaTool\CwaTool\testcases\test_login.py", line 127, in <module>
    test = TestLogin()
           ^^^^^^^^^^^
  File "d:\Apps\Programs\CodeData\CwaTool\CwaTool\testcases\test_login.py", line 57, in __init__
    self.driver = DriverConfig().driver_config()
                  ^^^^^^^^^^^^^^^^^^^^^^^^^^^^^^
  File "d:\Apps\Programs\CodeData\CwaTool\CwaTool\config\driver_config.py", line 68, in driver_config
    service=ChromeService(ChromeDriverManager().install()),
                          ^^^^^^^^^^^^^^^^^^^^^^^^^^^^^^^
  File "D:\Apps\Programs\CodeData\CwaTool\CwaTool\mvenv\Lib\site-packages\webdriver_manager\chrome.py", line 40, in install
    driver_path = self._get_driver_binary_path(self.driver)
                  ^^^^^^^^^^^^^^^^^^^^^^^^^^^^^^^^^^^^^^^^^
  File "D:\Apps\Programs\CodeData\CwaTool\CwaTool\mvenv\Lib\site-packages\webdriver_manager\core\manager.py", line 35, in _get_driver_binary_path
    binary_path = self._cache_manager.find_driver(driver)
                  ^^^^^^^^^^^^^^^^^^^^^^^^^^^^^^^^^^^^^^^
  File "D:\Apps\Programs\CodeData\CwaTool\CwaTool\mvenv\Lib\site-packages\webdriver_manager\core\driver_cache.py", line 110, in find_driver
    key = self.__get_metadata_key(driver)
          ^^^^^^^^^^^^^^^^^^^^^^^^^^^^^^^
  File "D:\Apps\Programs\CodeData\CwaTool\CwaTool\mvenv\Lib\site-packages\webdriver_manager\core\driver_cache.py", line 144, in __get_metadata_key
    driver_version = self.get_cache_key_driver_version(driver)
                     ^^^^^^^^^^^^^^^^^^^^^^^^^^^^^^^^^^^^^^^^^
  File "D:\Apps\Programs\CodeData\CwaTool\CwaTool\mvenv\Lib\site-packages\webdriver_manager\core\driver_cache.py", line 154, in get_cache_key_driver_version
    return driver.get_driver_version_to_download()
           ^^^^^^^^^^^^^^^^^^^^^^^^^^^^^^^^^^^^^^^
  File "D:\Apps\Programs\CodeData\CwaTool\CwaTool\mvenv\Lib\site-packages\webdriver_manager\core\driver.py", line 48, in get_driver_version_to_download
    return self.get_latest_release_version()
           ^^^^^^^^^^^^^^^^^^^^^^^^^^^^^^^^^
  File "D:\Apps\Programs\CodeData\CwaTool\CwaTool\mvenv\Lib\site-packages\webdriver_manager\drivers\chrome.py", line 59, in get_latest_release_version
    response = self._http_client.get(url)
               ^^^^^^^^^^^^^^^^^^^^^^^^^^
  File "D:\Apps\Programs\CodeData\CwaTool\CwaTool\mvenv\Lib\site-packages\webdriver_manager\core\http.py", line 35, in get
    raise exceptions.ConnectionError(f"Could not reach host. Are you offline?")
requests.exceptions.ConnectionError: Could not reach host. Are you offline?

2025-08-01 10:12:44 - INFO - 导入模块...
2025-08-01 10:12:45 - INFO - 模块导入成功...
2025-08-01 10:12:45 - INFO - 启动测试...
2025-08-01 10:12:45 - INFO - 初始化 TestLogin 类...
2025-08-01 10:12:45 - INFO - 正在初始化WebDriver配置...
2025-08-01 10:12:45 - INFO - 设置ChromeDriver...
2025-08-01 10:12:45 - INFO - ====== WebDriver manager ======
2025-08-01 10:12:46 - INFO - Get LATEST chromedriver version for google-chrome
2025-08-01 10:12:46 - INFO - Get LATEST chromedriver version for google-chrome
2025-08-01 10:12:46 - INFO - Driver [C:\Users\Kyle\.wdm\drivers\chromedriver\win64\138.0.7204.183\chromedriver-win32/chromedriver.exe] found in cache
2025-08-01 10:12:47 - INFO - 驱动程序已初始化.
2025-08-01 10:12:47 - INFO - 正在启动 test_login ...
2025-08-01 10:12:47 - INFO - 导航到 http://119.61.22.194:2017/
2025-08-01 10:12:48 - INFO - 账户密码: ET0502, liangh24quan
2025-08-01 10:12:49 - INFO - 点击登录...
2025-08-01 10:12:49 - INFO - 登录成功.
2025-08-01 10:12:51 - INFO - 正在进入打卡信息页面...
2025-08-01 10:12:51 - INFO - 导航到iframe.
2025-08-01 10:12:53 - INFO - 正在选择考勤时间...
2025-08-01 10:12:53 - INFO - 选择时间: 2025-07-01 - 2025-07-31
2025-08-01 10:12:53 - INFO - 获取考勤姓名...
2025-08-01 10:12:53 - INFO - 选择姓名: 梁皓
2025-08-01 10:12:54 - INFO - 点击查询...
2025-08-01 10:12:55 - INFO - 点击导出:梁皓日志...
2025-08-01 10:12:58 - INFO - 重命名梁皓日志...
2025-08-01 10:13:01 - INFO - 重命名梁皓日志完成.
2025-08-01 10:13:01 - INFO - 选择姓名: 王健壮
2025-08-01 10:13:01 - INFO - 点击查询...
2025-08-01 10:13:02 - INFO - 点击导出:王健壮日志...
2025-08-01 10:13:05 - INFO - 重命名王健壮日志...
2025-08-01 10:13:08 - INFO - 重命名王健壮日志完成.
2025-08-01 10:13:08 - INFO - 选择姓名: 徐康尊
2025-08-01 10:13:08 - INFO - 点击查询...
2025-08-01 10:13:10 - INFO - 点击导出:徐康尊日志...
2025-08-01 10:13:13 - INFO - 重命名徐康尊日志...
2025-08-01 10:13:16 - INFO - 重命名徐康尊日志完成.
2025-08-01 10:13:16 - INFO - 选择姓名: 黄晓灿
2025-08-01 10:13:16 - INFO - 点击查询...
2025-08-01 10:13:17 - INFO - 点击导出:黄晓灿日志...
2025-08-01 10:13:20 - INFO - 重命名黄晓灿日志...
2025-08-01 10:13:23 - INFO - 重命名黄晓灿日志完成.
2025-08-01 10:13:23 - INFO - 选择姓名: 孙雯
2025-08-01 10:13:23 - INFO - 点击查询...
2025-08-01 10:13:24 - INFO - 点击导出:孙雯日志...
2025-08-01 10:13:28 - INFO - 重命名孙雯日志...
2025-08-01 10:13:31 - INFO - 重命名孙雯日志完成.
2025-08-01 10:13:31 - INFO - 选择姓名: 李帆
2025-08-01 10:13:31 - INFO - 点击查询...
2025-08-01 10:13:32 - INFO - 点击导出:李帆日志...
2025-08-01 10:13:35 - INFO - 重命名李帆日志...
2025-08-01 10:13:38 - INFO - 重命名李帆日志完成.
2025-08-01 10:13:38 - INFO - 选择姓名: 孙碧伯
2025-08-01 10:13:38 - INFO - 点击查询...
2025-08-01 10:13:39 - INFO - 点击导出:孙碧伯日志...
2025-08-01 10:13:42 - INFO - 重命名孙碧伯日志...
2025-08-01 10:13:45 - INFO - 重命名孙碧伯日志完成.
2025-08-01 10:13:45 - INFO - 选择姓名: 孙慧杰
2025-08-01 10:13:46 - INFO - 点击查询...
2025-08-01 10:13:47 - INFO - 点击导出:孙慧杰日志...
2025-08-01 10:13:50 - INFO - 重命名孙慧杰日志...
2025-08-01 10:13:53 - INFO - 重命名孙慧杰日志完成.
2025-08-01 10:13:53 - INFO - 选择姓名: 李胤杭
2025-08-01 10:13:53 - INFO - 点击查询...
2025-08-01 10:13:54 - INFO - 点击导出:李胤杭日志...
2025-08-01 10:13:57 - INFO - 重命名李胤杭日志...
2025-08-01 10:14:00 - INFO - 重命名李胤杭日志完成.
2025-08-01 10:14:00 - INFO - 选择姓名: 郝志平
2025-08-01 10:14:00 - INFO - 点击查询...
2025-08-01 10:14:01 - INFO - 点击导出:郝志平日志...
2025-08-01 10:14:05 - INFO - 重命名郝志平日志...
2025-08-01 10:14:08 - INFO - 重命名郝志平日志完成.
2025-08-01 10:14:08 - INFO - 选择姓名: 李晨
2025-08-01 10:14:08 - INFO - 点击查询...
2025-08-01 10:14:09 - INFO - 点击导出:李晨日志...
2025-08-01 10:14:12 - INFO - 重命名李晨日志...
2025-08-01 10:14:15 - INFO - 重命名李晨日志完成.
2025-08-01 10:14:15 - INFO - 正在合并考勤明细...
2025-08-01 10:14:16 - INFO - 测试完成，关闭驱动...
2025-08-01 11:01:09 - INFO - 导入模块...
2025-08-01 11:01:10 - INFO - 模块导入成功...
2025-08-01 11:01:10 - INFO - 启动测试...
2025-08-01 11:01:10 - INFO - 初始化 TestLogin 类...
2025-08-01 11:01:10 - INFO - 正在初始化WebDriver配置...
2025-08-01 11:01:10 - ERROR - 测试失败: Getconf.get_save_path() takes 1 positional argument but 2 were given
2025-08-01 11:01:10 - ERROR - Traceback (most recent call last):
  File "d:\Apps\Programs\CodeData\CwaTool\CwaTool\testcases\test_login.py", line 131, in <module>
    test = TestLogin()
           ^^^^^^^^^^^
  File "d:\Apps\Programs\CodeData\CwaTool\CwaTool\testcases\test_login.py", line 57, in __init__
    self.driver = DriverConfig().driver_config()
                  ^^^^^^^^^^^^^^^^^^^^^^^^^^^^^^
  File "d:\Apps\Programs\CodeData\CwaTool\CwaTool\config\driver_config.py", line 50, in driver_config
    prefs = DriverConfig._configure_preferences()
            ^^^^^^^^^^^^^^^^^^^^^^^^^^^^^^^^^^^^^
  File "d:\Apps\Programs\CodeData\CwaTool\CwaTool\config\driver_config.py", line 24, in _configure_preferences
    svae_path = Getconf().get_save_path("save_path1")
                ^^^^^^^^^^^^^^^^^^^^^^^^^^^^^^^^^^^^^
TypeError: Getconf.get_save_path() takes 1 positional argument but 2 were given

2025-08-01 11:02:37 - INFO - 导入模块...
2025-08-01 11:02:38 - INFO - 模块导入成功...
2025-08-01 11:02:38 - INFO - 启动测试...
2025-08-01 11:02:38 - INFO - 初始化 TestLogin 类...
2025-08-01 11:02:38 - INFO - 正在初始化WebDriver配置...
2025-08-01 11:02:38 - INFO - 设置ChromeDriver...
2025-08-01 11:02:38 - INFO - ====== WebDriver manager ======
2025-08-01 11:02:39 - INFO - Get LATEST chromedriver version for google-chrome
2025-08-01 11:02:39 - INFO - Get LATEST chromedriver version for google-chrome
2025-08-01 11:02:39 - INFO - Driver [C:\Users\Kyle\.wdm\drivers\chromedriver\win64\138.0.7204.183\chromedriver-win32/chromedriver.exe] found in cache
2025-08-01 11:02:40 - INFO - 驱动程序已初始化.
2025-08-01 11:02:40 - INFO - 正在启动 test_login ...
2025-08-01 11:02:40 - INFO - 导航到 http://119.61.22.194:2017/
2025-08-01 11:02:42 - INFO - 账户密码: ET0502, liangh24quan
2025-08-01 11:02:43 - INFO - 点击登录...
2025-08-01 11:02:43 - INFO - 登录成功.
2025-08-01 11:02:45 - INFO - 正在进入打卡信息页面...
2025-08-01 11:02:46 - INFO - 导航到iframe.
2025-08-01 11:02:48 - INFO - 正在选择考勤时间...
2025-08-01 11:02:48 - INFO - 选择时间: 2025-07-01 - 2024-07-31
2025-08-01 11:02:48 - INFO - 获取考勤姓名...
2025-08-01 11:02:48 - INFO - 选择姓名: 梁皓
2025-08-01 11:02:48 - INFO - 点击查询...
2025-08-01 11:02:49 - INFO - 点击导出:梁皓日志...
2025-08-01 11:02:54 - INFO - 重命名梁皓日志...
2025-08-01 11:02:54 - ERROR - 测试失败: listdir: path should be string, bytes, os.PathLike or None, not method
2025-08-01 11:02:54 - ERROR - Traceback (most recent call last):
  File "d:\Apps\Programs\CodeData\CwaTool\CwaTool\testcases\test_login.py", line 113, in test_login
    self.Attendance_time(stm, ctm, name_data)
  File "d:\Apps\Programs\CodeData\CwaTool\CwaTool\testcases\test_login.py", line 99, in Attendance_time
    rename_file_name(svae_path, name, rename)
  File "d:\Apps\Programs\CodeData\CwaTool\CwaTool\common\tools.py", line 40, in rename_file_name
    for filename in os.listdir(directory):
                    ^^^^^^^^^^^^^^^^^^^^^
TypeError: listdir: path should be string, bytes, os.PathLike or None, not method

2025-08-01 11:02:54 - INFO - 测试完成，关闭驱动...
2025-08-01 11:06:04 - INFO - 导入模块...
2025-08-01 11:06:05 - INFO - 模块导入成功...
2025-08-01 11:06:05 - INFO - 启动测试...
2025-08-01 11:06:05 - INFO - 初始化 TestLogin 类...
2025-08-01 11:06:05 - INFO - 正在初始化WebDriver配置...
2025-08-01 11:06:05 - INFO - 设置ChromeDriver...
2025-08-01 11:06:05 - INFO - ====== WebDriver manager ======
2025-08-01 11:06:06 - INFO - Get LATEST chromedriver version for google-chrome
2025-08-01 11:06:06 - INFO - Get LATEST chromedriver version for google-chrome
2025-08-01 11:06:06 - INFO - Driver [C:\Users\Kyle\.wdm\drivers\chromedriver\win64\138.0.7204.183\chromedriver-win32/chromedriver.exe] found in cache
2025-08-01 11:06:07 - INFO - 驱动程序已初始化.
2025-08-01 11:06:07 - INFO - 正在启动 test_login ...
2025-08-01 11:06:07 - INFO - 导航到 http://119.61.22.194:2017/
2025-08-01 11:06:08 - INFO - 账户密码: ET0502, liangh24quan
2025-08-01 11:06:09 - INFO - 点击登录...
2025-08-01 11:06:09 - INFO - 登录成功.
2025-08-01 11:06:11 - INFO - 正在进入打卡信息页面...
2025-08-01 11:06:12 - INFO - 导航到iframe.
2025-08-01 11:06:14 - INFO - 正在选择考勤时间...
2025-08-01 11:06:14 - INFO - 选择时间: 2025-07-01 - 2024-07-31
2025-08-01 11:06:14 - INFO - 获取考勤姓名...
2025-08-01 11:06:14 - INFO - 选择姓名: 梁皓
2025-08-01 11:06:14 - INFO - 点击查询...
2025-08-01 11:06:15 - INFO - 点击导出:梁皓日志...
2025-08-01 11:06:18 - INFO - 重命名梁皓日志...
2025-08-01 11:06:18 - ERROR - 测试失败: [WinError 123] 文件名、目录名或卷标语法不正确。: 'r"D:\\Elitel\\9_考勤统计\\2025-09-01考勤\\考勤明细"'
2025-08-01 11:06:18 - ERROR - Traceback (most recent call last):
  File "d:\Apps\Programs\CodeData\CwaTool\CwaTool\testcases\test_login.py", line 112, in test_login
    self.Attendance_time(stm, ctm, name_data)
  File "d:\Apps\Programs\CodeData\CwaTool\CwaTool\testcases\test_login.py", line 98, in Attendance_time
    rename_file_name(Getconf().get_save_path()[0], name, rename)
  File "d:\Apps\Programs\CodeData\CwaTool\CwaTool\common\tools.py", line 40, in rename_file_name
    for filename in os.listdir(directory):
                    ^^^^^^^^^^^^^^^^^^^^^
OSError: [WinError 123] 文件名、目录名或卷标语法不正确。: 'r"D:\\Elitel\\9_考勤统计\\2025-09-01考勤\\考勤明细"'

2025-08-01 11:06:18 - INFO - 测试完成，关闭驱动...
2025-08-01 11:10:14 - INFO - 导入模块...
2025-08-01 11:10:15 - INFO - 模块导入成功...
2025-08-01 11:10:15 - INFO - 启动测试...
2025-08-01 11:10:15 - INFO - 初始化 TestLogin 类...
2025-08-01 11:10:15 - INFO - 正在初始化WebDriver配置...
2025-08-01 11:10:15 - INFO - 设置ChromeDriver...
2025-08-01 11:10:15 - INFO - ====== WebDriver manager ======
2025-08-01 11:10:16 - INFO - Get LATEST chromedriver version for google-chrome
2025-08-01 11:10:16 - INFO - Get LATEST chromedriver version for google-chrome
2025-08-01 11:10:16 - INFO - Driver [C:\Users\Kyle\.wdm\drivers\chromedriver\win64\138.0.7204.183\chromedriver-win32/chromedriver.exe] found in cache
2025-08-01 11:10:17 - INFO - 驱动程序已初始化.
2025-08-01 11:10:17 - INFO - 正在启动 test_login ...
2025-08-01 11:10:17 - INFO - 导航到 http://119.61.22.194:2017/
2025-08-01 11:10:18 - INFO - 账户密码: ET0502, liangh24quan
2025-08-01 11:10:19 - INFO - 点击登录...
2025-08-01 11:10:19 - INFO - 登录成功.
2025-08-01 11:10:21 - INFO - 正在进入打卡信息页面...
2025-08-01 11:10:22 - INFO - 导航到iframe.
2025-08-01 11:10:24 - ERROR - 测试失败: TestLogin.Attendance_time() missing 1 required positional argument: 'name_data'
2025-08-01 11:10:24 - ERROR - Traceback (most recent call last):
  File "d:\Apps\Programs\CodeData\CwaTool\CwaTool\testcases\test_login.py", line 112, in test_login
    self.Attendance_time(Getconf().get_select_data(), name_data)
TypeError: TestLogin.Attendance_time() missing 1 required positional argument: 'name_data'

2025-08-01 11:10:24 - INFO - 测试完成，关闭驱动...
2025-08-01 11:11:14 - INFO - 导入模块...
2025-08-01 11:11:15 - INFO - 模块导入成功...
2025-08-01 11:11:15 - INFO - 启动测试...
2025-08-01 11:11:15 - INFO - 初始化 TestLogin 类...
2025-08-01 11:11:15 - INFO - 正在初始化WebDriver配置...
2025-08-01 11:11:15 - INFO - 设置ChromeDriver...
2025-08-01 11:11:15 - INFO - ====== WebDriver manager ======
2025-08-01 11:11:15 - INFO - Get LATEST chromedriver version for google-chrome
2025-08-01 11:11:16 - INFO - Get LATEST chromedriver version for google-chrome
2025-08-01 11:11:16 - INFO - Driver [C:\Users\Kyle\.wdm\drivers\chromedriver\win64\138.0.7204.183\chromedriver-win32/chromedriver.exe] found in cache
2025-08-01 11:11:17 - INFO - 驱动程序已初始化.
2025-08-01 11:11:17 - INFO - 正在启动 test_login ...
2025-08-01 11:11:17 - INFO - 导航到 http://119.61.22.194:2017/
2025-08-01 11:11:17 - INFO - 账户密码: ET0502, liangh24quan
2025-08-01 11:11:18 - INFO - 点击登录...
2025-08-01 11:11:18 - INFO - 登录成功.
2025-08-01 11:11:20 - INFO - 正在进入打卡信息页面...
2025-08-01 11:11:21 - INFO - 导航到iframe.
2025-08-01 11:11:23 - ERROR - 测试失败: Getconf.get_select_data() takes 1 positional argument but 3 were given
2025-08-01 11:11:23 - ERROR - Traceback (most recent call last):
  File "d:\Apps\Programs\CodeData\CwaTool\CwaTool\testcases\test_login.py", line 112, in test_login
    self.Attendance_time(Getconf().get_select_data("stm","ctm"), name_data)
                         ^^^^^^^^^^^^^^^^^^^^^^^^^^^^^^^^^^^^^^
TypeError: Getconf.get_select_data() takes 1 positional argument but 3 were given

2025-08-01 11:11:23 - INFO - 测试完成，关闭驱动...
2025-08-01 11:12:15 - INFO - 导入模块...
2025-08-01 11:12:17 - INFO - 模块导入成功...
2025-08-01 11:12:17 - INFO - 启动测试...
2025-08-01 11:12:17 - INFO - 初始化 TestLogin 类...
2025-08-01 11:12:17 - INFO - 正在初始化WebDriver配置...
2025-08-01 11:12:17 - INFO - 设置ChromeDriver...
2025-08-01 11:12:17 - INFO - ====== WebDriver manager ======
2025-08-01 11:12:17 - INFO - Get LATEST chromedriver version for google-chrome
2025-08-01 11:12:18 - INFO - Get LATEST chromedriver version for google-chrome
2025-08-01 11:12:18 - INFO - Driver [C:\Users\Kyle\.wdm\drivers\chromedriver\win64\138.0.7204.183\chromedriver-win32/chromedriver.exe] found in cache
2025-08-01 11:12:19 - INFO - 驱动程序已初始化.
2025-08-01 11:12:19 - INFO - 正在启动 test_login ...
2025-08-01 11:12:19 - INFO - 导航到 http://119.61.22.194:2017/
2025-08-01 11:12:19 - INFO - 账户密码: ET0502, liangh24quan
2025-08-01 11:12:20 - INFO - 点击登录...
2025-08-01 11:12:20 - INFO - 登录成功.
2025-08-01 11:12:22 - INFO - 正在进入打卡信息页面...
2025-08-01 11:12:23 - INFO - 导航到iframe.
2025-08-01 11:12:25 - ERROR - 测试失败: Getconf.get_select_data() takes 1 positional argument but 2 were given
2025-08-01 11:12:25 - ERROR - Traceback (most recent call last):
  File "d:\Apps\Programs\CodeData\CwaTool\CwaTool\testcases\test_login.py", line 112, in test_login
    self.Attendance_time(Getconf().get_select_data("stm"),Getconf().get_select_data("ctm"), name_data)
                         ^^^^^^^^^^^^^^^^^^^^^^^^^^^^^^^^
TypeError: Getconf.get_select_data() takes 1 positional argument but 2 were given

2025-08-01 11:12:25 - INFO - 测试完成，关闭驱动...
2025-08-01 11:13:19 - INFO - 导入模块...
2025-08-01 11:13:20 - INFO - 模块导入成功...
2025-08-01 11:13:20 - INFO - 启动测试...
2025-08-01 11:13:20 - INFO - 初始化 TestLogin 类...
2025-08-01 11:13:20 - INFO - 正在初始化WebDriver配置...
2025-08-01 11:13:20 - INFO - 设置ChromeDriver...
2025-08-01 11:13:20 - INFO - ====== WebDriver manager ======
2025-08-01 11:13:21 - INFO - Get LATEST chromedriver version for google-chrome
2025-08-01 11:13:21 - INFO - Get LATEST chromedriver version for google-chrome
2025-08-01 11:13:21 - INFO - Driver [C:\Users\Kyle\.wdm\drivers\chromedriver\win64\138.0.7204.183\chromedriver-win32/chromedriver.exe] found in cache
2025-08-01 11:13:23 - INFO - 驱动程序已初始化.
2025-08-01 11:13:23 - INFO - 正在启动 test_login ...
2025-08-01 11:13:23 - INFO - 导航到 http://119.61.22.194:2017/
2025-08-01 11:13:23 - INFO - 账户密码: ET0502, liangh24quan
2025-08-01 11:13:24 - INFO - 点击登录...
2025-08-01 11:13:24 - INFO - 登录成功.
2025-08-01 11:13:26 - INFO - 正在进入打卡信息页面...
2025-08-01 11:13:27 - INFO - 导航到iframe.
2025-08-01 11:13:29 - ERROR - 测试失败: Getconf.get_select_data() takes 1 positional argument but 2 were given
2025-08-01 11:13:29 - ERROR - Traceback (most recent call last):
  File "d:\Apps\Programs\CodeData\CwaTool\CwaTool\testcases\test_login.py", line 112, in test_login
    self.Attendance_time(Getconf().get_select_data("stm"),Getconf().get_select_data("etm"), name_data)
                         ^^^^^^^^^^^^^^^^^^^^^^^^^^^^^^^^
TypeError: Getconf.get_select_data() takes 1 positional argument but 2 were given

2025-08-01 11:13:29 - INFO - 测试完成，关闭驱动...
2025-08-01 11:15:15 - INFO - 导入模块...
2025-08-01 11:15:16 - INFO - 模块导入成功...
2025-08-01 11:15:16 - INFO - 启动测试...
2025-08-01 11:15:16 - INFO - 初始化 TestLogin 类...
2025-08-01 11:15:16 - INFO - 正在初始化WebDriver配置...
2025-08-01 11:15:16 - INFO - 设置ChromeDriver...
2025-08-01 11:15:16 - INFO - ====== WebDriver manager ======
2025-08-01 11:15:17 - INFO - Get LATEST chromedriver version for google-chrome
2025-08-01 11:15:17 - INFO - Get LATEST chromedriver version for google-chrome
2025-08-01 11:15:17 - INFO - Driver [C:\Users\Kyle\.wdm\drivers\chromedriver\win64\138.0.7204.183\chromedriver-win32/chromedriver.exe] found in cache
2025-08-01 11:15:18 - INFO - 驱动程序已初始化.
2025-08-01 11:15:18 - INFO - 正在启动 test_login ...
2025-08-01 11:15:18 - INFO - 导航到 http://119.61.22.194:2017/
2025-08-01 11:15:19 - INFO - 账户密码: ET0502, liangh24quan
2025-08-01 11:15:20 - INFO - 点击登录...
2025-08-01 11:15:20 - INFO - 登录成功.
2025-08-01 11:15:22 - INFO - 正在进入打卡信息页面...
2025-08-01 11:15:22 - INFO - 导航到iframe.
2025-08-01 11:15:24 - INFO - 正在选择考勤时间...
2025-08-01 11:15:24 - INFO - 选择时间: 2025-07-01 - 2024-07-31
2025-08-01 11:15:24 - INFO - 获取考勤姓名...
2025-08-01 11:15:24 - INFO - 选择姓名: 梁皓
2025-08-01 11:15:25 - INFO - 点击查询...
2025-08-01 11:15:26 - INFO - 点击导出:梁皓日志...
2025-08-01 11:15:29 - INFO - 重命名梁皓日志...
2025-08-01 11:15:29 - ERROR - 测试失败: can only concatenate str (not "list") to str
2025-08-01 11:15:29 - ERROR - Traceback (most recent call last):
  File "d:\Apps\Programs\CodeData\CwaTool\CwaTool\testcases\test_login.py", line 112, in test_login
    self.Attendance_time(stm,ctm, name_data)
  File "d:\Apps\Programs\CodeData\CwaTool\CwaTool\testcases\test_login.py", line 98, in Attendance_time
    rename_file_name(Getconf().get_save_path()[0], name, rename)
  File "d:\Apps\Programs\CodeData\CwaTool\CwaTool\common\tools.py", line 44, in rename_file_name
    new_name = os.path.join(directory, new_filename + date + '.xls')
                                       ~~~~~~~~~~~~~^~~~~~
TypeError: can only concatenate str (not "list") to str

2025-08-01 11:15:29 - INFO - 测试完成，关闭驱动...
2025-08-01 11:22:51 - INFO - 导入模块...
2025-08-01 11:22:52 - INFO - 模块导入成功...
2025-08-01 11:22:52 - INFO - 启动测试...
2025-08-01 11:22:52 - INFO - 初始化 TestLogin 类...
2025-08-01 11:22:52 - INFO - 正在初始化WebDriver配置...
2025-08-01 11:22:52 - INFO - 设置ChromeDriver...
2025-08-01 11:22:52 - INFO - ====== WebDriver manager ======
2025-08-01 11:22:53 - INFO - Get LATEST chromedriver version for google-chrome
2025-08-01 11:22:53 - INFO - Get LATEST chromedriver version for google-chrome
2025-08-01 11:22:53 - INFO - Driver [C:\Users\Kyle\.wdm\drivers\chromedriver\win64\138.0.7204.183\chromedriver-win32/chromedriver.exe] found in cache
2025-08-01 11:22:54 - INFO - 驱动程序已初始化.
2025-08-01 11:22:54 - INFO - 正在启动 test_login ...
2025-08-01 11:22:54 - INFO - 导航到 http://119.61.22.194:2017/
2025-08-01 11:22:55 - INFO - 账户密码: ET0502, liangh24quan
2025-08-01 11:22:56 - INFO - 点击登录...
2025-08-01 11:22:56 - INFO - 登录成功.
2025-08-01 11:22:58 - INFO - 正在进入打卡信息页面...
2025-08-01 11:22:58 - INFO - 导航到iframe.
2025-08-01 11:23:00 - INFO - 正在选择考勤时间...
2025-08-01 11:23:01 - INFO - 选择时间: 2025-07-01 - 2024-07-31
2025-08-01 11:23:01 - INFO - 获取考勤姓名...
2025-08-01 11:23:01 - INFO - 选择姓名: 梁皓
2025-08-01 11:23:01 - INFO - 点击查询...
2025-08-01 11:23:02 - INFO - 点击导出:梁皓日志...
2025-08-01 11:23:05 - INFO - 重命名梁皓日志...
2025-08-01 11:23:05 - ERROR - 测试失败: can only concatenate str (not "list") to str
2025-08-01 11:23:05 - ERROR - Traceback (most recent call last):
  File "d:\Apps\Programs\CodeData\CwaTool\CwaTool\testcases\test_login.py", line 112, in test_login
    self.Attendance_time(stm,ctm, name_data)
  File "d:\Apps\Programs\CodeData\CwaTool\CwaTool\testcases\test_login.py", line 98, in Attendance_time
    rename_file_name(Getconf().get_save_path()[0], name, rename)
  File "d:\Apps\Programs\CodeData\CwaTool\CwaTool\common\tools.py", line 44, in rename_file_name
    new_name = os.path.join(directory, new_filename + date + '.xls')
                                       ~~~~~~~~~~~~~^~~~~~
TypeError: can only concatenate str (not "list") to str

2025-08-01 11:23:05 - INFO - 测试完成，关闭驱动...
2025-08-01 11:28:54 - INFO - 导入模块...
2025-08-01 11:28:55 - INFO - 模块导入成功...
2025-08-01 11:28:55 - INFO - 启动测试...
2025-08-01 11:28:55 - INFO - 初始化 TestLogin 类...
2025-08-01 11:28:55 - INFO - 正在初始化WebDriver配置...
2025-08-01 11:28:55 - INFO - 设置ChromeDriver...
2025-08-01 11:28:55 - INFO - ====== WebDriver manager ======
2025-08-01 11:28:56 - INFO - Get LATEST chromedriver version for google-chrome
2025-08-01 11:28:56 - INFO - Get LATEST chromedriver version for google-chrome
2025-08-01 11:28:57 - INFO - Driver [C:\Users\Kyle\.wdm\drivers\chromedriver\win64\138.0.7204.183\chromedriver-win32/chromedriver.exe] found in cache
2025-08-01 11:28:58 - INFO - 驱动程序已初始化.
2025-08-01 11:28:58 - INFO - 正在启动 test_login ...
2025-08-01 11:28:58 - INFO - 导航到 http://119.61.22.194:2017/
2025-08-01 11:28:58 - INFO - 账户密码: ET0502, liangh24quan
2025-08-01 11:28:59 - INFO - 点击登录...
2025-08-01 11:28:59 - INFO - 登录成功.
2025-08-01 11:29:01 - INFO - 正在进入打卡信息页面...
2025-08-01 11:29:02 - INFO - 导航到iframe.
2025-08-01 11:29:04 - INFO - 正在选择考勤时间...
2025-08-01 11:29:04 - INFO - 选择时间: 2025-07-01 - 2024-07-31
2025-08-01 11:29:04 - INFO - 获取考勤姓名...
2025-08-01 11:29:04 - INFO - 选择姓名: 梁皓
2025-08-01 11:29:04 - INFO - 点击查询...
2025-08-01 11:29:05 - INFO - 点击导出:梁皓日志...
2025-08-01 11:29:08 - INFO - 重命名梁皓日志...
2025-08-01 11:29:12 - INFO - 重命名梁皓日志完成.
2025-08-01 11:29:12 - INFO - 选择姓名: 王健壮
2025-08-01 11:29:12 - INFO - 点击查询...
2025-08-01 11:29:13 - INFO - 点击导出:王健壮日志...
2025-08-01 11:29:16 - INFO - 重命名王健壮日志...
2025-08-01 11:29:19 - INFO - 重命名王健壮日志完成.
2025-08-01 11:29:19 - INFO - 选择姓名: 徐康尊
2025-08-01 11:29:19 - INFO - 点击查询...
2025-08-01 11:29:20 - INFO - 点击导出:徐康尊日志...
2025-08-01 11:29:23 - INFO - 重命名徐康尊日志...
2025-08-01 11:29:26 - INFO - 重命名徐康尊日志完成.
2025-08-01 11:29:26 - INFO - 选择姓名: 黄晓灿
2025-08-01 11:29:26 - ERROR - 测试失败: Message: invalid session id: session deleted as the browser has closed the connection
from disconnected: not connected to DevTools
  (Session info: chrome=138.0.7204.169)
Stacktrace:
	GetHandleVerifier [0x0xeaba83+63395]
	GetHandleVerifier [0x0xeabac4+63460]
	(No symbol) [0x0xcf2113]
	(No symbol) [0x0xce1b20]
	(No symbol) [0x0xcff922]
	(No symbol) [0x0xd65c9c]
	(No symbol) [0x0xd80099]
	(No symbol) [0x0xd5f1a6]
	(No symbol) [0x0xd2e7b2]
	(No symbol) [0x0xd2f654]
	GetHandleVerifier [0x0x1128883+2672035]
	GetHandleVerifier [0x0x1123cba+2652634]
	GetHandleVerifier [0x0xed2bca+223466]
	GetHandleVerifier [0x0xec2cb8+158168]
	GetHandleVerifier [0x0xec978d+185517]
	GetHandleVerifier [0x0xeb3b78+96408]
	GetHandleVerifier [0x0xeb3d02+96802]
	GetHandleVerifier [0x0xe9e90a+9770]
	BaseThreadInitThunk [0x0x76d95d49+25]
	RtlInitializeExceptionChain [0x0x77e0bd6b+107]
	RtlGetAppContainerNamedObjectPath [0x0x77e0bcf1+561]

2025-08-01 11:29:26 - ERROR - Traceback (most recent call last):
  File "d:\Apps\Programs\CodeData\CwaTool\CwaTool\testcases\test_login.py", line 112, in test_login
    self.Attendance_time(stm,ctm, name_data)
  File "d:\Apps\Programs\CodeData\CwaTool\CwaTool\testcases\test_login.py", line 88, in Attendance_time
    IframPage().click_to_name(self.driver, "姓名")
  File "d:\Apps\Programs\CodeData\CwaTool\CwaTool\page\IframPage.py", line 26, in click_to_name
    return driver.find_element(By.XPATH, select_xpath).click()
           ^^^^^^^^^^^^^^^^^^^^^^^^^^^^^^^^^^^^^^^^^^^
  File "D:\Apps\Programs\CodeData\CwaTool\CwaTool\mvenv\Lib\site-packages\selenium\webdriver\remote\webdriver.py", line 770, in find_element
    return self.execute(Command.FIND_ELEMENT, {"using": by, "value": value})["value"]
           ^^^^^^^^^^^^^^^^^^^^^^^^^^^^^^^^^^^^^^^^^^^^^^^^^^^^^^^^^^^^^^^^^
  File "D:\Apps\Programs\CodeData\CwaTool\CwaTool\mvenv\Lib\site-packages\selenium\webdriver\remote\webdriver.py", line 384, in execute
    self.error_handler.check_response(response)
  File "D:\Apps\Programs\CodeData\CwaTool\CwaTool\mvenv\Lib\site-packages\selenium\webdriver\remote\errorhandler.py", line 232, in check_response
    raise exception_class(message, screen, stacktrace)
selenium.common.exceptions.InvalidSessionIdException: Message: invalid session id: session deleted as the browser has closed the connection
from disconnected: not connected to DevTools
  (Session info: chrome=138.0.7204.169)
Stacktrace:
	GetHandleVerifier [0x0xeaba83+63395]
	GetHandleVerifier [0x0xeabac4+63460]
	(No symbol) [0x0xcf2113]
	(No symbol) [0x0xce1b20]
	(No symbol) [0x0xcff922]
	(No symbol) [0x0xd65c9c]
	(No symbol) [0x0xd80099]
	(No symbol) [0x0xd5f1a6]
	(No symbol) [0x0xd2e7b2]
	(No symbol) [0x0xd2f654]
	GetHandleVerifier [0x0x1128883+2672035]
	GetHandleVerifier [0x0x1123cba+2652634]
	GetHandleVerifier [0x0xed2bca+223466]
	GetHandleVerifier [0x0xec2cb8+158168]
	GetHandleVerifier [0x0xec978d+185517]
	GetHandleVerifier [0x0xeb3b78+96408]
	GetHandleVerifier [0x0xeb3d02+96802]
	GetHandleVerifier [0x0xe9e90a+9770]
	BaseThreadInitThunk [0x0x76d95d49+25]
	RtlInitializeExceptionChain [0x0x77e0bd6b+107]
	RtlGetAppContainerNamedObjectPath [0x0x77e0bcf1+561]


2025-08-01 11:29:26 - INFO - 测试完成，关闭驱动...
2025-08-01 11:30:11 - INFO - 导入模块...
2025-08-01 11:30:12 - INFO - 模块导入成功...
2025-08-01 11:30:12 - INFO - 启动测试...
2025-08-01 11:30:12 - INFO - 初始化 TestLogin 类...
2025-08-01 11:30:12 - INFO - 正在初始化WebDriver配置...
2025-08-01 11:30:12 - INFO - 设置ChromeDriver...
2025-08-01 11:30:12 - INFO - ====== WebDriver manager ======
2025-08-01 11:30:13 - INFO - Get LATEST chromedriver version for google-chrome
2025-08-01 11:30:13 - INFO - Get LATEST chromedriver version for google-chrome
2025-08-01 11:30:13 - INFO - Driver [C:\Users\Kyle\.wdm\drivers\chromedriver\win64\138.0.7204.183\chromedriver-win32/chromedriver.exe] found in cache
2025-08-01 11:30:15 - INFO - 驱动程序已初始化.
2025-08-01 11:30:15 - INFO - 正在启动 test_login ...
2025-08-01 11:30:15 - INFO - 导航到 http://119.61.22.194:2017/
2025-08-01 11:30:16 - INFO - 账户密码: ET0502, liangh24quan
2025-08-01 11:30:17 - INFO - 点击登录...
2025-08-01 11:30:17 - INFO - 登录成功.
2025-08-01 11:30:19 - INFO - 正在进入打卡信息页面...
2025-08-01 11:30:20 - INFO - 导航到iframe.
2025-08-01 11:30:22 - INFO - 正在选择考勤时间...
2025-08-01 11:30:22 - INFO - 选择时间: 2025-07-01 - 2024-07-31
2025-08-01 11:30:22 - INFO - 获取考勤姓名...
2025-08-01 11:30:22 - INFO - 选择姓名: 梁皓
2025-08-01 11:30:22 - INFO - 点击查询...
2025-08-01 11:30:23 - INFO - 点击导出:梁皓日志...
2025-08-01 11:30:26 - INFO - 重命名梁皓日志...
2025-08-01 11:30:26 - ERROR - 测试失败: can only concatenate str (not "list") to str
2025-08-01 11:30:26 - ERROR - Traceback (most recent call last):
  File "d:\Apps\Programs\CodeData\CwaTool\CwaTool\testcases\test_login.py", line 112, in test_login
    self.Attendance_time(stm,ctm, name_data)
  File "d:\Apps\Programs\CodeData\CwaTool\CwaTool\testcases\test_login.py", line 98, in Attendance_time
    rename_file_name(Getconf().get_save_path()[0], name, rename)
  File "d:\Apps\Programs\CodeData\CwaTool\CwaTool\common\tools.py", line 44, in rename_file_name
    new_name = os.path.join(directory, new_filename + date + '.xls')
                                       ~~~~~~~~~~~~~^~~~~~
TypeError: can only concatenate str (not "list") to str

2025-08-01 11:30:26 - INFO - 测试完成，关闭驱动...
2025-08-01 11:32:33 - INFO - 导入模块...
2025-08-01 11:32:34 - INFO - 模块导入成功...
2025-08-01 11:32:34 - INFO - 启动测试...
2025-08-01 11:32:34 - INFO - 初始化 TestLogin 类...
2025-08-01 11:32:34 - INFO - 正在初始化WebDriver配置...
2025-08-01 11:32:34 - INFO - 设置ChromeDriver...
2025-08-01 11:32:34 - INFO - ====== WebDriver manager ======
2025-08-01 11:32:35 - INFO - Get LATEST chromedriver version for google-chrome
2025-08-01 11:32:35 - INFO - Get LATEST chromedriver version for google-chrome
2025-08-01 11:32:35 - INFO - Driver [C:\Users\Kyle\.wdm\drivers\chromedriver\win64\138.0.7204.183\chromedriver-win32/chromedriver.exe] found in cache
2025-08-01 11:32:36 - INFO - 驱动程序已初始化.
2025-08-01 11:32:36 - INFO - 正在启动 test_login ...
2025-08-01 11:32:36 - INFO - 导航到 http://119.61.22.194:2017/
2025-08-01 11:32:37 - INFO - 账户密码: ET0502, liangh24quan
2025-08-01 11:32:38 - INFO - 点击登录...
2025-08-01 11:32:38 - INFO - 登录成功.
2025-08-01 11:32:40 - INFO - 正在进入打卡信息页面...
2025-08-01 11:32:41 - INFO - 导航到iframe.
2025-08-01 11:32:43 - INFO - 正在选择考勤时间...
2025-08-01 11:32:43 - INFO - 选择时间: 2025-07-01 - 2024-07-31
2025-08-01 11:32:43 - INFO - 获取考勤姓名...
2025-08-01 11:32:43 - INFO - 选择姓名: 梁皓
2025-08-01 11:32:43 - INFO - 点击查询...
2025-08-01 11:32:44 - INFO - 点击导出:梁皓日志...
2025-08-01 11:32:47 - INFO - 重命名梁皓日志...
2025-08-01 11:32:50 - INFO - 重命名梁皓日志完成.
2025-08-01 11:32:50 - INFO - 选择姓名: 王健壮
2025-08-01 11:32:50 - INFO - 点击查询...
2025-08-01 11:32:51 - INFO - 点击导出:王健壮日志...
2025-08-01 11:32:55 - INFO - 重命名王健壮日志...
2025-08-01 11:32:58 - INFO - 重命名王健壮日志完成.
2025-08-01 11:32:58 - INFO - 选择姓名: 徐康尊
2025-08-01 11:32:58 - ERROR - 测试失败: Message: invalid session id: session deleted as the browser has closed the connection
from disconnected: not connected to DevTools
  (Session info: chrome=138.0.7204.169)
Stacktrace:
	GetHandleVerifier [0x0xeaba83+63395]
	GetHandleVerifier [0x0xeabac4+63460]
	(No symbol) [0x0xcf2113]
	(No symbol) [0x0xce1b20]
	(No symbol) [0x0xcff922]
	(No symbol) [0x0xd65c9c]
	(No symbol) [0x0xd80099]
	(No symbol) [0x0xd5f1a6]
	(No symbol) [0x0xd2e7b2]
	(No symbol) [0x0xd2f654]
	GetHandleVerifier [0x0x1128883+2672035]
	GetHandleVerifier [0x0x1123cba+2652634]
	GetHandleVerifier [0x0xed2bca+223466]
	GetHandleVerifier [0x0xec2cb8+158168]
	GetHandleVerifier [0x0xec978d+185517]
	GetHandleVerifier [0x0xeb3b78+96408]
	GetHandleVerifier [0x0xeb3d02+96802]
	GetHandleVerifier [0x0xe9e90a+9770]
	BaseThreadInitThunk [0x0x76d95d49+25]
	RtlInitializeExceptionChain [0x0x77e0bd6b+107]
	RtlGetAppContainerNamedObjectPath [0x0x77e0bcf1+561]

2025-08-01 11:32:58 - ERROR - Traceback (most recent call last):
  File "d:\Apps\Programs\CodeData\CwaTool\CwaTool\testcases\test_login.py", line 112, in test_login
    self.Attendance_time(stm,ctm, name_data)
  File "d:\Apps\Programs\CodeData\CwaTool\CwaTool\testcases\test_login.py", line 88, in Attendance_time
    IframPage().click_to_name(self.driver, "姓名")
  File "d:\Apps\Programs\CodeData\CwaTool\CwaTool\page\IframPage.py", line 26, in click_to_name
    return driver.find_element(By.XPATH, select_xpath).click()
           ^^^^^^^^^^^^^^^^^^^^^^^^^^^^^^^^^^^^^^^^^^^
  File "D:\Apps\Programs\CodeData\CwaTool\CwaTool\mvenv\Lib\site-packages\selenium\webdriver\remote\webdriver.py", line 770, in find_element
    return self.execute(Command.FIND_ELEMENT, {"using": by, "value": value})["value"]
           ^^^^^^^^^^^^^^^^^^^^^^^^^^^^^^^^^^^^^^^^^^^^^^^^^^^^^^^^^^^^^^^^^
  File "D:\Apps\Programs\CodeData\CwaTool\CwaTool\mvenv\Lib\site-packages\selenium\webdriver\remote\webdriver.py", line 384, in execute
    self.error_handler.check_response(response)
  File "D:\Apps\Programs\CodeData\CwaTool\CwaTool\mvenv\Lib\site-packages\selenium\webdriver\remote\errorhandler.py", line 232, in check_response
    raise exception_class(message, screen, stacktrace)
selenium.common.exceptions.InvalidSessionIdException: Message: invalid session id: session deleted as the browser has closed the connection
from disconnected: not connected to DevTools
  (Session info: chrome=138.0.7204.169)
Stacktrace:
	GetHandleVerifier [0x0xeaba83+63395]
	GetHandleVerifier [0x0xeabac4+63460]
	(No symbol) [0x0xcf2113]
	(No symbol) [0x0xce1b20]
	(No symbol) [0x0xcff922]
	(No symbol) [0x0xd65c9c]
	(No symbol) [0x0xd80099]
	(No symbol) [0x0xd5f1a6]
	(No symbol) [0x0xd2e7b2]
	(No symbol) [0x0xd2f654]
	GetHandleVerifier [0x0x1128883+2672035]
	GetHandleVerifier [0x0x1123cba+2652634]
	GetHandleVerifier [0x0xed2bca+223466]
	GetHandleVerifier [0x0xec2cb8+158168]
	GetHandleVerifier [0x0xec978d+185517]
	GetHandleVerifier [0x0xeb3b78+96408]
	GetHandleVerifier [0x0xeb3d02+96802]
	GetHandleVerifier [0x0xe9e90a+9770]
	BaseThreadInitThunk [0x0x76d95d49+25]
	RtlInitializeExceptionChain [0x0x77e0bd6b+107]
	RtlGetAppContainerNamedObjectPath [0x0x77e0bcf1+561]


2025-08-01 11:32:58 - INFO - 测试完成，关闭驱动...
2025-08-01 11:49:24 - INFO - 导入模块...
2025-08-01 11:49:25 - ERROR - 程序启动失败: cannot import name 'Getconf' from partially initialized module 'common.yaml_config' (most likely due to a circular import) (d:\Apps\Programs\CodeData\CwaTool\CwaTool\common\yaml_config.py)
2025-08-01 11:49:25 - ERROR - Traceback (most recent call last):
  File "d:\Apps\Programs\CodeData\CwaTool\CwaTool\testcases\test_login.py", line 44, in <module>
    from config.driver_config import DriverConfig
  File "d:\Apps\Programs\CodeData\CwaTool\CwaTool\config\driver_config.py", line 7, in <module>
    from common.yaml_config import Getconf
  File "d:\Apps\Programs\CodeData\CwaTool\CwaTool\common\yaml_config.py", line 8, in <module>
    from common.tools import get_project_path, sep
  File "d:\Apps\Programs\CodeData\CwaTool\CwaTool\common\tools.py", line 4, in <module>
    from common.yaml_config import Getconf
ImportError: cannot import name 'Getconf' from partially initialized module 'common.yaml_config' (most likely due to a circular import) (d:\Apps\Programs\CodeData\CwaTool\CwaTool\common\yaml_config.py)

2025-08-01 11:49:34 - INFO - 导入模块...
2025-08-01 11:49:35 - ERROR - 程序启动失败: cannot import name 'Getconf' from partially initialized module 'common.yaml_config' (most likely due to a circular import) (d:\Apps\Programs\CodeData\CwaTool\CwaTool\common\yaml_config.py)
2025-08-01 11:49:35 - ERROR - Traceback (most recent call last):
  File "d:\Apps\Programs\CodeData\CwaTool\CwaTool\testcases\test_login.py", line 44, in <module>
    from config.driver_config import DriverConfig
  File "d:\Apps\Programs\CodeData\CwaTool\CwaTool\config\driver_config.py", line 7, in <module>
    from common.yaml_config import Getconf
  File "d:\Apps\Programs\CodeData\CwaTool\CwaTool\common\yaml_config.py", line 8, in <module>
    from common.tools import get_project_path, sep
  File "d:\Apps\Programs\CodeData\CwaTool\CwaTool\common\tools.py", line 4, in <module>
    from common.yaml_config import Getconf
ImportError: cannot import name 'Getconf' from partially initialized module 'common.yaml_config' (most likely due to a circular import) (d:\Apps\Programs\CodeData\CwaTool\CwaTool\common\yaml_config.py)

2025-08-01 11:50:21 - INFO - 导入模块...
2025-08-01 11:50:21 - ERROR - 程序启动失败: cannot import name 'Getconf' from partially initialized module 'common.yaml_config' (most likely due to a circular import) (d:\Apps\Programs\CodeData\CwaTool\CwaTool\common\yaml_config.py)
2025-08-01 11:50:21 - ERROR - Traceback (most recent call last):
  File "d:\Apps\Programs\CodeData\CwaTool\CwaTool\testcases\test_login.py", line 44, in <module>
    from config.driver_config import DriverConfig
  File "d:\Apps\Programs\CodeData\CwaTool\CwaTool\config\driver_config.py", line 7, in <module>
    from common.yaml_config import Getconf
  File "d:\Apps\Programs\CodeData\CwaTool\CwaTool\common\yaml_config.py", line 8, in <module>
    from common.tools import get_project_path, sep
  File "d:\Apps\Programs\CodeData\CwaTool\CwaTool\common\tools.py", line 4, in <module>
    from common.yaml_config import Getconf
ImportError: cannot import name 'Getconf' from partially initialized module 'common.yaml_config' (most likely due to a circular import) (d:\Apps\Programs\CodeData\CwaTool\CwaTool\common\yaml_config.py)

2025-08-01 13:11:13 - INFO - 导入模块...
2025-08-01 13:11:14 - INFO - 模块导入成功...
2025-08-01 13:11:14 - INFO - 启动测试...
2025-08-01 13:11:14 - INFO - 初始化 TestLogin 类...
2025-08-01 13:11:14 - INFO - 正在初始化WebDriver配置...
2025-08-01 13:11:14 - INFO - 设置ChromeDriver...
2025-08-01 13:11:14 - INFO - ====== WebDriver manager ======
2025-08-01 13:11:15 - INFO - Get LATEST chromedriver version for google-chrome
2025-08-01 13:11:15 - INFO - Get LATEST chromedriver version for google-chrome
2025-08-01 13:11:15 - INFO - Driver [C:\Users\Kyle\.wdm\drivers\chromedriver\win64\138.0.7204.183\chromedriver-win32/chromedriver.exe] found in cache
2025-08-01 13:11:17 - INFO - 驱动程序已初始化.
2025-08-01 13:11:17 - INFO - 正在启动 test_login ...
2025-08-01 13:11:17 - INFO - 导航到 http://119.61.22.194:2017/
2025-08-01 13:11:17 - INFO - 账户密码: ET0502, liangh24quan
2025-08-01 13:11:18 - INFO - 点击登录...
2025-08-01 13:11:18 - INFO - 登录成功.
2025-08-01 13:11:20 - INFO - 正在进入打卡信息页面...
2025-08-01 13:11:20 - INFO - 导航到iframe.
2025-08-01 13:11:22 - INFO - 正在选择考勤时间...
2025-08-01 13:11:23 - INFO - 选择时间: 2025-07-01 - 2024-07-31
2025-08-01 13:11:23 - INFO - 获取考勤姓名...
2025-08-01 13:11:23 - INFO - 选择姓名: 梁皓
2025-08-01 13:11:23 - INFO - 点击查询...
2025-08-01 13:11:24 - INFO - 点击导出:梁皓日志...
2025-08-01 13:11:27 - INFO - 重命名梁皓日志...
2025-08-01 13:11:27 - ERROR - 测试失败: 'Getconf' object has no attribute 'get_save_path'
2025-08-01 13:11:27 - ERROR - Traceback (most recent call last):
  File "d:\Apps\Programs\CodeData\CwaTool\CwaTool\testcases\test_login.py", line 112, in test_login
    self.Attendance_time(stm,ctm, name_data)
  File "d:\Apps\Programs\CodeData\CwaTool\CwaTool\testcases\test_login.py", line 98, in Attendance_time
    rename_file_name(Getconf().get_save_path()[0], name, rename)
                     ^^^^^^^^^^^^^^^^^^^^^^^
AttributeError: 'Getconf' object has no attribute 'get_save_path'

2025-08-01 13:11:27 - INFO - 测试完成，关闭驱动...
2025-08-01 13:13:29 - INFO - 导入模块...
2025-08-01 13:13:30 - INFO - 模块导入成功...
2025-08-01 13:13:30 - INFO - 启动测试...
2025-08-01 13:13:30 - INFO - 初始化 TestLogin 类...
2025-08-01 13:13:30 - INFO - 正在初始化WebDriver配置...
2025-08-01 13:13:30 - INFO - 设置ChromeDriver...
2025-08-01 13:13:30 - INFO - ====== WebDriver manager ======
2025-08-01 13:13:31 - INFO - Get LATEST chromedriver version for google-chrome
2025-08-01 13:13:31 - INFO - Get LATEST chromedriver version for google-chrome
2025-08-01 13:13:31 - INFO - Driver [C:\Users\Kyle\.wdm\drivers\chromedriver\win64\138.0.7204.183\chromedriver-win32/chromedriver.exe] found in cache
2025-08-01 13:13:32 - INFO - 驱动程序已初始化.
2025-08-01 13:13:32 - INFO - 正在启动 test_login ...
2025-08-01 13:13:32 - INFO - 导航到 http://119.61.22.194:2017/
2025-08-01 13:13:32 - INFO - 账户密码: ET0502, liangh24quan
2025-08-01 13:13:33 - INFO - 点击登录...
2025-08-01 13:13:33 - INFO - 登录成功.
2025-08-01 13:13:35 - INFO - 正在进入打卡信息页面...
2025-08-01 13:13:36 - INFO - 导航到iframe.
2025-08-01 13:13:38 - INFO - 正在选择考勤时间...
2025-08-01 13:13:39 - INFO - 选择时间: 2025-07-01 - 2024-07-31
2025-08-01 13:13:39 - INFO - 获取考勤姓名...
2025-08-01 13:13:39 - INFO - 选择姓名: 梁皓
2025-08-01 13:13:39 - INFO - 点击查询...
2025-08-01 13:13:40 - INFO - 点击导出:梁皓日志...
2025-08-01 13:13:44 - INFO - 重命名梁皓日志...
2025-08-01 13:13:44 - ERROR - 测试失败: 'Getconf' object has no attribute 'get_save_path'
2025-08-01 13:13:44 - ERROR - Traceback (most recent call last):
  File "d:\Apps\Programs\CodeData\CwaTool\CwaTool\testcases\test_login.py", line 112, in test_login
    self.Attendance_time(stm,ctm, name_data)
  File "d:\Apps\Programs\CodeData\CwaTool\CwaTool\testcases\test_login.py", line 98, in Attendance_time
    rename_file_name("D:\\Elitel\\9_考勤统计\\" +Getconf().get_save_path()[0]+"考勤\\考勤明细", name, rename)
                                                 ^^^^^^^^^^^^^^^^^^^^^^^
AttributeError: 'Getconf' object has no attribute 'get_save_path'

2025-08-01 13:13:44 - INFO - 测试完成，关闭驱动...
2025-08-01 13:16:19 - INFO - 导入模块...
2025-08-01 13:16:20 - INFO - 模块导入成功...
2025-08-01 13:16:20 - INFO - 启动测试...
2025-08-01 13:16:20 - INFO - 初始化 TestLogin 类...
2025-08-01 13:16:20 - INFO - 正在初始化WebDriver配置...
2025-08-01 13:16:20 - INFO - 设置ChromeDriver...
2025-08-01 13:16:20 - INFO - ====== WebDriver manager ======
2025-08-01 13:16:21 - INFO - Get LATEST chromedriver version for google-chrome
2025-08-01 13:16:21 - INFO - Get LATEST chromedriver version for google-chrome
2025-08-01 13:16:21 - INFO - Driver [C:\Users\Kyle\.wdm\drivers\chromedriver\win64\138.0.7204.183\chromedriver-win32/chromedriver.exe] found in cache
2025-08-01 13:16:23 - INFO - 驱动程序已初始化.
2025-08-01 13:16:23 - INFO - 正在启动 test_login ...
2025-08-01 13:16:23 - INFO - 导航到 http://119.61.22.194:2017/
2025-08-01 13:16:23 - INFO - 账户密码: ET0502, liangh24quan
2025-08-01 13:16:24 - INFO - 点击登录...
2025-08-01 13:16:24 - INFO - 登录成功.
2025-08-01 13:16:26 - INFO - 正在进入打卡信息页面...
2025-08-01 13:16:27 - INFO - 导航到iframe.
2025-08-01 13:16:29 - INFO - 正在选择考勤时间...
2025-08-01 13:16:30 - INFO - 选择时间: 2025-07-01 - 2024-07-31
2025-08-01 13:16:30 - INFO - 获取考勤姓名...
2025-08-01 13:16:30 - INFO - 选择姓名: 梁皓
2025-08-01 13:16:30 - INFO - 点击查询...
2025-08-01 13:16:31 - INFO - 点击导出:梁皓日志...
2025-08-01 13:16:34 - INFO - 重命名梁皓日志...
2025-08-01 13:16:34 - ERROR - 测试失败: [WinError 3] 系统找不到指定的路径。: 'D:\\Elitel\\9_考勤统计\\2025-09-01考勤\\考勤明细'
2025-08-01 13:16:34 - ERROR - Traceback (most recent call last):
  File "d:\Apps\Programs\CodeData\CwaTool\CwaTool\testcases\test_login.py", line 112, in test_login
    self.Attendance_time(stm,ctm, name_data)
  File "d:\Apps\Programs\CodeData\CwaTool\CwaTool\testcases\test_login.py", line 98, in Attendance_time
    rename_file_name(Getconf().get_save_path()[0], name, rename)
  File "d:\Apps\Programs\CodeData\CwaTool\CwaTool\common\tools.py", line 40, in rename_file_name
    for filename in os.listdir(directory):
                    ^^^^^^^^^^^^^^^^^^^^^
FileNotFoundError: [WinError 3] 系统找不到指定的路径。: 'D:\\Elitel\\9_考勤统计\\2025-09-01考勤\\考勤明细'

2025-08-01 13:16:34 - INFO - 测试完成，关闭驱动...
2025-08-01 13:17:05 - INFO - 导入模块...
2025-08-01 13:17:06 - INFO - 模块导入成功...
2025-08-01 13:17:06 - INFO - 启动测试...
2025-08-01 13:17:06 - INFO - 初始化 TestLogin 类...
2025-08-01 13:17:06 - INFO - 正在初始化WebDriver配置...
2025-08-01 13:17:06 - INFO - 设置ChromeDriver...
2025-08-01 13:17:06 - INFO - ====== WebDriver manager ======
2025-08-01 13:17:07 - INFO - Get LATEST chromedriver version for google-chrome
2025-08-01 13:17:07 - INFO - Get LATEST chromedriver version for google-chrome
2025-08-01 13:17:07 - INFO - Driver [C:\Users\Kyle\.wdm\drivers\chromedriver\win64\138.0.7204.183\chromedriver-win32/chromedriver.exe] found in cache
2025-08-01 13:17:08 - INFO - 驱动程序已初始化.
2025-08-01 13:17:08 - INFO - 正在启动 test_login ...
2025-08-01 13:17:08 - INFO - 导航到 http://119.61.22.194:2017/
2025-08-01 13:17:08 - INFO - 账户密码: ET0502, liangh24quan
2025-08-01 13:17:09 - INFO - 点击登录...
2025-08-01 13:17:09 - INFO - 登录成功.
2025-08-01 13:17:11 - INFO - 正在进入打卡信息页面...
2025-08-01 13:17:12 - INFO - 导航到iframe.
2025-08-01 13:17:14 - INFO - 正在选择考勤时间...
2025-08-01 13:17:14 - INFO - 选择时间: 2025-07-01 - 2024-07-31
2025-08-01 13:17:14 - INFO - 获取考勤姓名...
2025-08-01 13:17:14 - INFO - 选择姓名: 梁皓
2025-08-01 13:17:14 - INFO - 点击查询...
2025-08-01 13:17:15 - INFO - 点击导出:梁皓日志...
2025-08-01 13:17:18 - INFO - 重命名梁皓日志...
2025-08-01 13:17:21 - INFO - 重命名梁皓日志完成.
2025-08-01 13:17:21 - INFO - 选择姓名: 王健壮
2025-08-01 13:17:22 - INFO - 点击查询...
2025-08-01 13:17:23 - INFO - 点击导出:王健壮日志...
2025-08-01 13:17:26 - INFO - 重命名王健壮日志...
2025-08-01 13:17:29 - INFO - 重命名王健壮日志完成.
2025-08-01 13:17:29 - INFO - 选择姓名: 徐康尊
2025-08-01 13:17:29 - INFO - 点击查询...
2025-08-01 13:17:31 - INFO - 点击导出:徐康尊日志...
2025-08-01 13:17:34 - INFO - 重命名徐康尊日志...
2025-08-01 13:17:37 - INFO - 重命名徐康尊日志完成.
2025-08-01 13:17:37 - INFO - 选择姓名: 黄晓灿
2025-08-01 13:17:37 - INFO - 点击查询...
2025-08-01 13:17:38 - INFO - 点击导出:黄晓灿日志...
2025-08-01 13:17:41 - INFO - 重命名黄晓灿日志...
2025-08-01 13:17:44 - INFO - 重命名黄晓灿日志完成.
2025-08-01 13:17:44 - INFO - 选择姓名: 孙雯
2025-08-01 13:17:45 - INFO - 点击查询...
2025-08-01 13:17:46 - INFO - 点击导出:孙雯日志...
2025-08-01 13:17:49 - INFO - 重命名孙雯日志...
2025-08-01 13:17:52 - INFO - 重命名孙雯日志完成.
2025-08-01 13:17:52 - INFO - 选择姓名: 李帆
2025-08-01 13:17:53 - INFO - 点击查询...
2025-08-01 13:17:54 - INFO - 点击导出:李帆日志...
2025-08-01 13:17:57 - INFO - 重命名李帆日志...
2025-08-01 13:18:00 - INFO - 重命名李帆日志完成.
2025-08-01 13:18:00 - INFO - 选择姓名: 孙慧杰
2025-08-01 13:18:00 - INFO - 点击查询...
2025-08-01 13:18:02 - INFO - 点击导出:孙慧杰日志...
2025-08-01 13:18:05 - INFO - 重命名孙慧杰日志...
2025-08-01 13:18:08 - INFO - 重命名孙慧杰日志完成.
2025-08-01 13:18:08 - INFO - 选择姓名: 李胤杭
2025-08-01 13:18:08 - INFO - 点击查询...
2025-08-01 13:18:09 - INFO - 点击导出:李胤杭日志...
2025-08-01 13:18:12 - INFO - 重命名李胤杭日志...
2025-08-01 13:18:15 - INFO - 重命名李胤杭日志完成.
2025-08-01 13:18:15 - INFO - 选择姓名: 郝志平
2025-08-01 13:18:16 - INFO - 点击查询...
2025-08-01 13:18:17 - INFO - 点击导出:郝志平日志...
2025-08-01 13:18:20 - INFO - 重命名郝志平日志...
2025-08-01 13:18:23 - INFO - 重命名郝志平日志完成.
2025-08-01 13:18:23 - INFO - 选择姓名: 李晨
2025-08-01 13:18:23 - INFO - 点击查询...
2025-08-01 13:18:25 - INFO - 点击导出:李晨日志...
2025-08-01 13:18:28 - INFO - 重命名李晨日志...
2025-08-01 13:18:31 - INFO - 重命名李晨日志完成.
2025-08-01 13:18:31 - INFO - 正在合并考勤明细...
2025-08-01 13:18:31 - INFO - None
2025-08-01 13:18:31 - INFO - 测试完成，关闭驱动...
